<?xml version="1.0" encoding="UTF-8"?>
<coverage generated="1549929610436" clover="3.2.0">
  <project timestamp="1549929610436" name="All files">
    <metrics statements="651" coveredstatements="582" conditionals="240" coveredconditionals="191" methods="177" coveredmethods="127" elements="1068" coveredelements="900" complexity="0" loc="651" ncloc="651" packages="1" files="4" classes="4">
      <file name="indexing.js" path="/home/vincent/projects/tndarray/numts/indexing.js">
        <metrics statements="102" coveredstatements="100" conditionals="46" coveredconditionals="43" methods="22" coveredmethods="22"/>
        <line num="2" count="4" type="stmt"/>
        <line num="3" count="4" type="stmt"/>
        <line num="4" count="4" type="stmt"/>
        <line num="6" count="4" type="stmt"/>
        <line num="15" count="3531" type="stmt"/>
        <line num="17" count="4" type="stmt"/>
        <line num="27" count="592" type="cond" truecount="2" falsecount="0"/>
        <line num="28" count="5" type="stmt"/>
        <line num="31" count="587" type="cond" truecount="2" falsecount="0"/>
        <line num="33" count="435" type="cond" truecount="2" falsecount="0"/>
        <line num="34" count="1" type="stmt"/>
        <line num="36" count="434" type="cond" truecount="2" falsecount="0"/>
        <line num="37" count="433" type="stmt"/>
        <line num="40" count="1" type="stmt"/>
        <line num="44" count="152" type="cond" truecount="2" falsecount="0"/>
        <line num="45" count="151" type="stmt"/>
        <line num="48" count="1" type="stmt"/>
        <line num="50" count="590" type="stmt"/>
        <line num="52" count="4" type="stmt"/>
        <line num="61" count="314" type="stmt"/>
        <line num="62" count="314" type="stmt"/>
        <line num="63" count="150" type="stmt"/>
        <line num="65" count="4" type="stmt"/>
        <line num="67" count="172" type="cond" truecount="2" falsecount="0"/>
        <line num="69" count="4" type="stmt"/>
        <line num="78" count="12" type="cond" truecount="1" falsecount="1"/>
        <line num="79" count="0" type="stmt"/>
        <line num="82" count="36" type="stmt"/>
        <line num="84" count="12" type="stmt"/>
        <line num="86" count="4" type="stmt"/>
        <line num="95" count="420" type="stmt"/>
        <line num="96" count="563" type="stmt"/>
        <line num="97" count="563" type="stmt"/>
        <line num="99" count="4" type="stmt"/>
        <line num="109" count="4819" type="stmt"/>
        <line num="111" count="4" type="stmt"/>
        <line num="118" count="758" type="stmt"/>
        <line num="119" count="758" type="stmt"/>
        <line num="121" count="758" type="stmt"/>
        <line num="122" count="1737" type="stmt"/>
        <line num="124" count="758" type="stmt"/>
        <line num="126" count="4" type="stmt"/>
        <line num="134" count="2049" type="stmt"/>
        <line num="135" count="2049" type="stmt"/>
        <line num="136" count="2049" type="stmt"/>
        <line num="137" count="3015" type="cond" truecount="2" falsecount="0"/>
        <line num="138" count="2929" type="cond" truecount="2" falsecount="0"/>
        <line num="140" count="86" type="cond" truecount="4" falsecount="0"/>
        <line num="141" count="20" type="cond" truecount="2" falsecount="0"/>
        <line num="142" count="20" type="stmt"/>
        <line num="144" count="3015" type="stmt"/>
        <line num="146" count="2049" type="stmt"/>
        <line num="148" count="4" type="stmt"/>
        <line num="157" count="225" type="stmt"/>
        <line num="158" count="225" type="stmt"/>
        <line num="159" count="225" type="cond" truecount="2" falsecount="0"/>
        <line num="160" count="2" type="stmt"/>
        <line num="162" count="223" type="cond" truecount="2" falsecount="0"/>
        <line num="163" count="1" type="stmt"/>
        <line num="165" count="222" type="stmt"/>
        <line num="166" count="222" type="stmt"/>
        <line num="167" count="222" type="stmt"/>
        <line num="168" count="986" type="cond" truecount="1" falsecount="1"/>
        <line num="169" count="986" type="cond" truecount="2" falsecount="0"/>
        <line num="172" count="986" type="cond" truecount="2" falsecount="0"/>
        <line num="173" count="871" type="stmt"/>
        <line num="175" count="115" type="cond" truecount="2" falsecount="0"/>
        <line num="176" count="93" type="stmt"/>
        <line num="178" count="22" type="cond" truecount="1" falsecount="1"/>
        <line num="179" count="22" type="stmt"/>
        <line num="182" count="0" type="stmt"/>
        <line num="184" count="986" type="stmt"/>
        <line num="186" count="222" type="stmt"/>
        <line num="188" count="4" type="stmt"/>
        <line num="202" count="417" type="cond" truecount="2" falsecount="0"/>
        <line num="203" count="183" type="stmt"/>
        <line num="204" count="183" type="stmt"/>
        <line num="206" count="417" type="cond" truecount="2" falsecount="0"/>
        <line num="207" count="176" type="stmt"/>
        <line num="208" count="176" type="stmt"/>
        <line num="210" count="417" type="stmt"/>
        <line num="211" count="417" type="stmt"/>
        <line num="212" count="417" type="stmt"/>
        <line num="213" count="417" type="stmt"/>
        <line num="214" count="491" type="stmt"/>
        <line num="215" count="491" type="stmt"/>
        <line num="217" count="491" type="stmt"/>
        <line num="219" count="4766" type="stmt"/>
        <line num="220" count="4668" type="stmt"/>
        <line num="222" count="4668" type="stmt"/>
        <line num="223" count="4668" type="cond" truecount="2" falsecount="0"/>
        <line num="224" count="945" type="stmt"/>
        <line num="225" count="945" type="stmt"/>
        <line num="226" count="945" type="stmt"/>
        <line num="228" count="4668" type="stmt"/>
        <line num="231" count="417" type="stmt"/>
        <line num="233" count="4" type="stmt"/>
        <line num="240" count="5" type="stmt"/>
        <line num="242" count="5" type="stmt"/>
        <line num="243" count="5" type="stmt"/>
        <line num="245" count="5" type="stmt"/>
        <line num="247" count="4" type="stmt"/>
      </file>
      <file name="numts.js" path="/home/vincent/projects/tndarray/numts/numts.js">
        <metrics statements="66" coveredstatements="60" conditionals="14" coveredconditionals="9" methods="12" coveredmethods="8"/>
        <line num="2" count="4" type="stmt"/>
        <line num="3" count="4" type="stmt"/>
        <line num="4" count="4" type="stmt"/>
        <line num="5" count="4" type="stmt"/>
        <line num="6" count="4" type="stmt"/>
        <line num="15" count="4" type="stmt"/>
        <line num="26" count="1" type="stmt"/>
        <line num="28" count="4" type="stmt"/>
        <line num="30" count="0" type="stmt"/>
        <line num="32" count="4" type="stmt"/>
        <line num="34" count="0" type="stmt"/>
        <line num="36" count="4" type="stmt"/>
        <line num="38" count="0" type="stmt"/>
        <line num="40" count="4" type="stmt"/>
        <line num="48" count="425" type="stmt"/>
        <line num="50" count="4" type="stmt"/>
        <line num="58" count="2" type="stmt"/>
        <line num="60" count="4" type="stmt"/>
        <line num="70" count="63" type="cond" truecount="1" falsecount="1"/>
        <line num="71" count="63" type="stmt"/>
        <line num="74" count="63" type="cond" truecount="2" falsecount="0"/>
        <line num="75" count="43" type="stmt"/>
        <line num="76" count="43" type="stmt"/>
        <line num="79" count="20" type="stmt"/>
        <line num="81" count="63" type="stmt"/>
        <line num="82" count="63" type="cond" truecount="1" falsecount="1"/>
        <line num="83" count="63" type="stmt"/>
        <line num="86" count="0" type="stmt"/>
        <line num="87" count="0" type="cond" truecount="0" falsecount="2"/>
        <line num="88" count="0" type="stmt"/>
        <line num="91" count="63" type="stmt"/>
        <line num="93" count="63" type="stmt"/>
        <line num="94" count="63" type="stmt"/>
        <line num="95" count="1134" type="stmt"/>
        <line num="96" count="1071" type="stmt"/>
        <line num="100" count="63" type="cond" truecount="1" falsecount="1"/>
        <line num="101" count="63" type="stmt"/>
        <line num="103" count="4" type="stmt"/>
        <line num="112" count="38" type="stmt"/>
        <line num="113" count="38" type="stmt"/>
        <line num="114" count="38" type="stmt"/>
        <line num="115" count="38" type="stmt"/>
        <line num="116" count="82" type="stmt"/>
        <line num="117" count="82" type="cond" truecount="2" falsecount="0"/>
        <line num="118" count="44" type="stmt"/>
        <line num="121" count="38" type="stmt"/>
        <line num="124" count="38" type="stmt"/>
        <line num="126" count="4" type="stmt"/>
        <line num="135" count="594" type="stmt"/>
        <line num="136" count="594" type="stmt"/>
        <line num="137" count="1716" type="stmt"/>
        <line num="139" count="594" type="stmt"/>
        <line num="141" count="4" type="stmt"/>
        <line num="151" count="39" type="cond" truecount="2" falsecount="0"/>
        <line num="152" count="1" type="stmt"/>
        <line num="154" count="38" type="stmt"/>
        <line num="155" count="38" type="stmt"/>
        <line num="156" count="38" type="stmt"/>
        <line num="157" count="38" type="stmt"/>
        <line num="158" count="38" type="stmt"/>
        <line num="159" count="38" type="stmt"/>
        <line num="160" count="38" type="stmt"/>
        <line num="161" count="474" type="stmt"/>
        <line num="162" count="474" type="stmt"/>
        <line num="164" count="38" type="stmt"/>
        <line num="166" count="4" type="stmt"/>
      </file>
      <file name="tndarray.js" path="/home/vincent/projects/tndarray/numts/tndarray.js">
        <metrics statements="395" coveredstatements="354" conditionals="131" coveredconditionals="105" methods="117" coveredmethods="73"/>
        <line num="2" count="4" type="stmt"/>
        <line num="3" count="4" type="stmt"/>
        <line num="4" count="4" type="stmt"/>
        <line num="6" count="4" type="stmt"/>
        <line num="9" count="0" type="stmt"/>
        <line num="12" count="4" type="stmt"/>
        <line num="15" count="0" type="stmt"/>
        <line num="18" count="4" type="stmt"/>
        <line num="21" count="4" type="stmt"/>
        <line num="24" count="4" type="stmt"/>
        <line num="27" count="4" type="stmt"/>
        <line num="30" count="4" type="stmt"/>
        <line num="33" count="4" type="stmt"/>
        <line num="36" count="4" type="stmt"/>
        <line num="39" count="4" type="stmt"/>
        <line num="42" count="4" type="stmt"/>
        <line num="44" count="4" type="stmt"/>
        <line num="60" count="781" type="stmt"/>
        <line num="61" count="781" type="stmt"/>
        <line num="62" count="781" type="stmt"/>
        <line num="63" count="781" type="stmt"/>
        <line num="64" count="781" type="stmt"/>
        <line num="65" count="781" type="cond" truecount="2" falsecount="0"/>
        <line num="66" count="322" type="stmt"/>
        <line num="67" count="322" type="cond" truecount="1" falsecount="1"/>
        <line num="68" count="0" type="stmt"/>
        <line num="71" count="322" type="stmt"/>
        <line num="73" count="322" type="stmt"/>
        <line num="76" count="459" type="stmt"/>
        <line num="77" count="459" type="stmt"/>
        <line num="79" count="781" type="cond" truecount="2" falsecount="0"/>
        <line num="80" count="781" type="cond" truecount="2" falsecount="0"/>
        <line num="92" count="0" type="stmt"/>
        <line num="93" count="0" type="cond" truecount="0" falsecount="2"/>
        <line num="94" count="0" type="stmt"/>
        <line num="96" count="0" type="cond" truecount="0" falsecount="2"/>
        <line num="97" count="0" type="stmt"/>
        <line num="100" count="0" type="stmt"/>
        <line num="111" count="24" type="stmt"/>
        <line num="119" count="21" type="stmt"/>
        <line num="129" count="0" type="stmt"/>
        <line num="130" count="0" type="stmt"/>
        <line num="132" count="0" type="stmt"/>
        <line num="141" count="22" type="stmt"/>
        <line num="148" count="3" type="cond" truecount="1" falsecount="1"/>
        <line num="149" count="3" type="stmt"/>
        <line num="152" count="0" type="stmt"/>
        <line num="161" count="22" type="stmt"/>
        <line num="167" count="2" type="stmt"/>
        <line num="168" count="2" type="stmt"/>
        <line num="169" count="12" type="stmt"/>
        <line num="170" count="12" type="cond" truecount="2" falsecount="0"/>
        <line num="171" count="6" type="stmt"/>
        <line num="174" count="2" type="stmt"/>
        <line num="182" count="25" type="stmt"/>
        <line num="192" count="45" type="cond" truecount="2" falsecount="0"/>
        <line num="194" count="31" type="stmt"/>
        <line num="198" count="14" type="stmt"/>
        <line num="200" count="45" type="cond" truecount="2" falsecount="0"/>
        <line num="201" count="43" type="stmt"/>
        <line num="203" count="45" type="stmt"/>
        <line num="204" count="45" type="stmt"/>
        <line num="205" count="45" type="cond" truecount="1" falsecount="1"/>
        <line num="206" count="0" type="stmt"/>
        <line num="208" count="45" type="stmt"/>
        <line num="209" count="45" type="stmt"/>
        <line num="220" count="1" type="stmt"/>
        <line num="221" count="1" type="stmt"/>
        <line num="222" count="1" type="stmt"/>
        <line num="223" count="1" type="stmt"/>
        <line num="224" count="1" type="stmt"/>
        <line num="225" count="1" type="stmt"/>
        <line num="226" count="1" type="cond" truecount="1" falsecount="1"/>
        <line num="227" count="1" type="stmt"/>
        <line num="230" count="0" type="stmt"/>
        <line num="239" count="0" type="stmt"/>
        <line num="240" count="0" type="stmt"/>
        <line num="241" count="0" type="cond" truecount="0" falsecount="2"/>
        <line num="242" count="0" type="stmt"/>
        <line num="245" count="0" type="stmt"/>
        <line num="254" count="102" type="stmt"/>
        <line num="263" count="2" type="stmt"/>
        <line num="264" count="2" type="stmt"/>
        <line num="265" count="2" type="stmt"/>
        <line num="266" count="2" type="stmt"/>
        <line num="267" count="8" type="cond" truecount="2" falsecount="0"/>
        <line num="268" count="3" type="stmt"/>
        <line num="269" count="3" type="stmt"/>
        <line num="270" count="3" type="stmt"/>
        <line num="273" count="2" type="stmt"/>
        <line num="274" count="2" type="stmt"/>
        <line num="275" count="2" type="stmt"/>
        <line num="276" count="2" type="stmt"/>
        <line num="277" count="2" type="stmt"/>
        <line num="278" count="2" type="stmt"/>
        <line num="293" count="146" type="cond" truecount="4" falsecount="1"/>
        <line num="294" count="0" type="stmt"/>
        <line num="296" count="146" type="stmt"/>
        <line num="297" count="146" type="stmt"/>
        <line num="298" count="146" type="stmt"/>
        <line num="299" count="146" type="stmt"/>
        <line num="300" count="146" type="stmt"/>
        <line num="301" count="146" type="stmt"/>
        <line num="302" count="146" type="stmt"/>
        <line num="303" count="146" type="stmt"/>
        <line num="304" count="146" type="stmt"/>
        <line num="305" count="216" type="cond" truecount="2" falsecount="0"/>
        <line num="307" count="150" type="cond" truecount="2" falsecount="0"/>
        <line num="308" count="133" type="stmt"/>
        <line num="309" count="133" type="stmt"/>
        <line num="310" count="133" type="stmt"/>
        <line num="313" count="17" type="cond" truecount="2" falsecount="0"/>
        <line num="314" count="11" type="stmt"/>
        <line num="315" count="11" type="stmt"/>
        <line num="317" count="6" type="cond" truecount="1" falsecount="1"/>
        <line num="318" count="6" type="stmt"/>
        <line num="319" count="6" type="stmt"/>
        <line num="320" count="6" type="stmt"/>
        <line num="323" count="0" type="stmt"/>
        <line num="325" count="216" type="stmt"/>
        <line num="327" count="146" type="stmt"/>
        <line num="328" count="146" type="stmt"/>
        <line num="329" count="303" type="stmt"/>
        <line num="330" count="303" type="stmt"/>
        <line num="331" count="303" type="stmt"/>
        <line num="332" count="1212" type="stmt"/>
        <line num="333" count="146" type="stmt"/>
        <line num="334" count="146" type="stmt"/>
        <line num="335" count="146" type="stmt"/>
        <line num="336" count="146" type="stmt"/>
        <line num="344" count="1808" type="cond" truecount="1" falsecount="1"/>
        <line num="345" count="0" type="stmt"/>
        <line num="347" count="1808" type="stmt"/>
        <line num="348" count="1808" type="stmt"/>
        <line num="349" count="1808" type="stmt"/>
        <line num="357" count="97" type="cond" truecount="4" falsecount="0"/>
        <line num="358" count="94" type="cond" truecount="1" falsecount="1"/>
        <line num="359" count="0" type="stmt"/>
        <line num="361" count="94" type="stmt"/>
        <line num="362" count="94" type="stmt"/>
        <line num="363" count="94" type="stmt"/>
        <line num="364" count="94" type="stmt"/>
        <line num="366" count="3" type="stmt"/>
        <line num="367" count="3" type="stmt"/>
        <line num="369" count="3" type="stmt"/>
        <line num="370" count="3" type="cond" truecount="1" falsecount="1"/>
        <line num="371" count="0" type="stmt"/>
        <line num="373" count="3" type="stmt"/>
        <line num="374" count="6" type="cond" truecount="2" falsecount="2"/>
        <line num="375" count="0" type="stmt"/>
        <line num="378" count="3" type="stmt"/>
        <line num="379" count="3" type="stmt"/>
        <line num="380" count="28" type="stmt"/>
        <line num="387" count="0" type="stmt"/>
        <line num="388" count="0" type="stmt"/>
        <line num="397" count="1" type="stmt"/>
        <line num="398" count="1" type="stmt"/>
        <line num="406" count="0" type="stmt"/>
        <line num="419" count="4" type="cond" truecount="1" falsecount="1"/>
        <line num="421" count="4" type="cond" truecount="2" falsecount="0"/>
        <line num="423" count="2" type="stmt"/>
        <line num="425" count="2" type="cond" truecount="2" falsecount="0"/>
        <line num="426" count="1" type="stmt"/>
        <line num="428" count="2" type="stmt"/>
        <line num="429" count="2" type="stmt"/>
        <line num="430" count="2" type="stmt"/>
        <line num="431" count="24" type="stmt"/>
        <line num="432" count="24" type="stmt"/>
        <line num="433" count="24" type="stmt"/>
        <line num="437" count="2" type="stmt"/>
        <line num="438" count="2" type="stmt"/>
        <line num="439" count="2" type="stmt"/>
        <line num="440" count="2" type="stmt"/>
        <line num="442" count="6" type="cond" truecount="2" falsecount="0"/>
        <line num="443" count="3" type="stmt"/>
        <line num="446" count="3" type="stmt"/>
        <line num="448" count="6" type="stmt"/>
        <line num="449" count="6" type="stmt"/>
        <line num="450" count="6" type="stmt"/>
        <line num="451" count="18" type="stmt"/>
        <line num="452" count="18" type="stmt"/>
        <line num="453" count="18" type="stmt"/>
        <line num="457" count="4" type="stmt"/>
        <line num="467" count="8" type="cond" truecount="1" falsecount="1"/>
        <line num="468" count="8" type="cond" truecount="2" falsecount="0"/>
        <line num="469" count="4" type="stmt"/>
        <line num="472" count="4" type="stmt"/>
        <line num="473" count="4" type="stmt"/>
        <line num="474" count="4" type="stmt"/>
        <line num="475" count="4" type="stmt"/>
        <line num="476" count="40" type="stmt"/>
        <line num="477" count="40" type="stmt"/>
        <line num="478" count="120" type="stmt"/>
        <line num="480" count="40" type="stmt"/>
        <line num="482" count="4" type="stmt"/>
        <line num="492" count="5" type="cond" truecount="1" falsecount="1"/>
        <line num="493" count="5" type="cond" truecount="2" falsecount="0"/>
        <line num="494" count="3" type="stmt"/>
        <line num="497" count="2" type="stmt"/>
        <line num="498" count="2" type="stmt"/>
        <line num="499" count="2" type="stmt"/>
        <line num="500" count="2" type="stmt"/>
        <line num="501" count="30" type="stmt"/>
        <line num="502" count="30" type="stmt"/>
        <line num="503" count="30" type="stmt"/>
        <line num="505" count="30" type="stmt"/>
        <line num="507" count="2" type="stmt"/>
        <line num="516" count="34" type="stmt"/>
        <line num="525" count="2527" type="stmt"/>
        <line num="535" count="33" type="cond" truecount="2" falsecount="0"/>
        <line num="536" count="4" type="stmt"/>
        <line num="538" count="29" type="cond" truecount="1" falsecount="1"/>
        <line num="539" count="0" type="stmt"/>
        <line num="542" count="29" type="stmt"/>
        <line num="544" count="33" type="stmt"/>
        <line num="555" count="12" type="stmt"/>
        <line num="556" count="12" type="stmt"/>
        <line num="557" count="12" type="stmt"/>
        <line num="558" count="12" type="stmt"/>
        <line num="559" count="12" type="stmt"/>
        <line num="560" count="12" type="stmt"/>
        <line num="561" count="12" type="stmt"/>
        <line num="562" count="12" type="stmt"/>
        <line num="563" count="12" type="stmt"/>
        <line num="564" count="93" type="stmt"/>
        <line num="565" count="93" type="stmt"/>
        <line num="566" count="93" type="stmt"/>
        <line num="569" count="12" type="stmt"/>
        <line num="581" count="12" type="stmt"/>
        <line num="582" count="12" type="cond" truecount="2" falsecount="0"/>
        <line num="583" count="9" type="stmt"/>
        <line num="585" count="12" type="stmt"/>
        <line num="586" count="12" type="stmt"/>
        <line num="587" count="93" type="stmt"/>
        <line num="588" count="93" type="stmt"/>
        <line num="590" count="12" type="stmt"/>
        <line num="599" count="8" type="stmt"/>
        <line num="600" count="8" type="stmt"/>
        <line num="601" count="8" type="stmt"/>
        <line num="602" count="8" type="stmt"/>
        <line num="603" count="8" type="stmt"/>
        <line num="604" count="8" type="stmt"/>
        <line num="613" count="6" type="stmt"/>
        <line num="614" count="6" type="stmt"/>
        <line num="615" count="6" type="stmt"/>
        <line num="616" count="6" type="stmt"/>
        <line num="617" count="6" type="stmt"/>
        <line num="618" count="6" type="stmt"/>
        <line num="631" count="51" type="cond" truecount="2" falsecount="0"/>
        <line num="632" count="43" type="stmt"/>
        <line num="634" count="51" type="cond" truecount="2" falsecount="0"/>
        <line num="635" count="43" type="stmt"/>
        <line num="636" count="43" type="stmt"/>
        <line num="638" count="51" type="cond" truecount="2" falsecount="0"/>
        <line num="639" count="43" type="stmt"/>
        <line num="640" count="43" type="stmt"/>
        <line num="642" count="51" type="stmt"/>
        <line num="643" count="92" type="stmt"/>
        <line num="644" count="51" type="stmt"/>
        <line num="645" count="51" type="stmt"/>
        <line num="646" count="51" type="stmt"/>
        <line num="647" count="51" type="stmt"/>
        <line num="648" count="51" type="stmt"/>
        <line num="649" count="51" type="stmt"/>
        <line num="650" count="109" type="stmt"/>
        <line num="651" count="161" type="stmt"/>
        <line num="652" count="161" type="stmt"/>
        <line num="653" count="488" type="stmt"/>
        <line num="654" count="456" type="stmt"/>
        <line num="658" count="51" type="stmt"/>
        <line num="665" count="7" type="stmt"/>
        <line num="673" count="182" type="cond" truecount="1" falsecount="1"/>
        <line num="674" count="182" type="stmt"/>
        <line num="676" count="182" type="cond" truecount="1" falsecount="1"/>
        <line num="677" count="182" type="stmt"/>
        <line num="678" count="182" type="stmt"/>
        <line num="680" count="182" type="cond" truecount="1" falsecount="1"/>
        <line num="681" count="182" type="stmt"/>
        <line num="682" count="182" type="stmt"/>
        <line num="684" count="182" type="stmt"/>
        <line num="685" count="182" type="stmt"/>
        <line num="687" count="182" type="stmt"/>
        <line num="688" count="182" type="stmt"/>
        <line num="689" count="182" type="stmt"/>
        <line num="690" count="1550" type="stmt"/>
        <line num="693" count="182" type="stmt"/>
        <line num="703" count="123" type="stmt"/>
        <line num="704" count="123" type="stmt"/>
        <line num="705" count="123" type="stmt"/>
        <line num="706" count="123" type="stmt"/>
        <line num="707" count="123" type="stmt"/>
        <line num="708" count="123" type="stmt"/>
        <line num="709" count="123" type="stmt"/>
        <line num="710" count="123" type="stmt"/>
        <line num="711" count="123" type="stmt"/>
        <line num="712" count="123" type="stmt"/>
        <line num="713" count="2292" type="stmt"/>
        <line num="714" count="2292" type="stmt"/>
        <line num="715" count="2292" type="stmt"/>
        <line num="717" count="123" type="cond" truecount="1" falsecount="1"/>
        <line num="718" count="0" type="stmt"/>
        <line num="720" count="123" type="stmt"/>
        <line num="730" count="16" type="stmt"/>
        <line num="731" count="16" type="stmt"/>
        <line num="732" count="16" type="stmt"/>
        <line num="733" count="16" type="stmt"/>
        <line num="734" count="16" type="stmt"/>
        <line num="747" count="639" type="cond" truecount="2" falsecount="0"/>
        <line num="748" count="5" type="stmt"/>
        <line num="750" count="639" type="cond" truecount="4" falsecount="0"/>
        <line num="751" count="174" type="stmt"/>
        <line num="753" count="639" type="cond" truecount="4" falsecount="0"/>
        <line num="754" count="624" type="stmt"/>
        <line num="755" count="624" type="stmt"/>
        <line num="758" count="15" type="cond" truecount="2" falsecount="0"/>
        <line num="759" count="2" type="stmt"/>
        <line num="761" count="13" type="cond" truecount="4" falsecount="0"/>
        <line num="762" count="2" type="stmt"/>
        <line num="765" count="11" type="stmt"/>
        <line num="768" count="11" type="stmt"/>
        <line num="769" count="11" type="cond" truecount="2" falsecount="0"/>
        <line num="770" count="2" type="stmt"/>
        <line num="773" count="633" type="stmt"/>
        <line num="774" count="633" type="stmt"/>
        <line num="775" count="633" type="stmt"/>
        <line num="776" count="633" type="stmt"/>
        <line num="786" count="442" type="stmt"/>
        <line num="787" count="442" type="stmt"/>
        <line num="788" count="442" type="stmt"/>
        <line num="789" count="442" type="stmt"/>
        <line num="790" count="442" type="stmt"/>
        <line num="799" count="3" type="stmt"/>
        <line num="800" count="3" type="stmt"/>
        <line num="801" count="3" type="stmt"/>
        <line num="802" count="3" type="stmt"/>
        <line num="804" count="3" type="cond" truecount="1" falsecount="1"/>
        <line num="805" count="0" type="stmt"/>
        <line num="807" count="3" type="stmt"/>
        <line num="808" count="3" type="stmt"/>
        <line num="812" count="3" type="cond" truecount="2" falsecount="0"/>
        <line num="813" count="2" type="stmt"/>
        <line num="816" count="1" type="stmt"/>
        <line num="817" count="1" type="stmt"/>
        <line num="818" count="1" type="stmt"/>
        <line num="819" count="1" type="stmt"/>
        <line num="820" count="1" type="stmt"/>
        <line num="821" count="1" type="stmt"/>
        <line num="822" count="1" type="stmt"/>
        <line num="823" count="2" type="stmt"/>
        <line num="824" count="2" type="stmt"/>
        <line num="825" count="2" type="stmt"/>
        <line num="826" count="2" type="stmt"/>
        <line num="827" count="2" type="stmt"/>
        <line num="829" count="1" type="stmt"/>
        <line num="840" count="7" type="stmt"/>
        <line num="841" count="7" type="stmt"/>
        <line num="843" count="7" type="stmt"/>
        <line num="844" count="18" type="stmt"/>
        <line num="845" count="62" type="stmt"/>
        <line num="846" count="62" type="stmt"/>
        <line num="847" count="62" type="stmt"/>
        <line num="848" count="62" type="stmt"/>
        <line num="849" count="62" type="stmt"/>
        <line num="854" count="7" type="stmt"/>
        <line num="865" count="63" type="stmt"/>
        <line num="866" count="63" type="stmt"/>
        <line num="867" count="63" type="stmt"/>
        <line num="868" count="63" type="stmt"/>
        <line num="869" count="224" type="stmt"/>
        <line num="871" count="63" type="stmt"/>
        <line num="882" count="0" type="stmt"/>
        <line num="893" count="0" type="stmt"/>
        <line num="904" count="10" type="stmt"/>
        <line num="914" count="11" type="stmt"/>
        <line num="924" count="10" type="stmt"/>
        <line num="934" count="10" type="stmt"/>
        <line num="944" count="2" type="stmt"/>
        <line num="953" count="10" type="stmt"/>
        <line num="962" count="10" type="stmt"/>
        <line num="971" count="10" type="stmt"/>
        <line num="979" count="0" type="stmt"/>
        <line num="987" count="0" type="stmt"/>
        <line num="995" count="0" type="stmt"/>
        <line num="1003" count="0" type="stmt"/>
        <line num="1011" count="0" type="stmt"/>
        <line num="1019" count="0" type="stmt"/>
        <line num="1028" count="34" type="cond" truecount="8" falsecount="0"/>
        <line num="1045" count="165" type="cond" truecount="2" falsecount="0"/>
        <line num="1046" count="33" type="stmt"/>
        <line num="1048" count="165" type="cond" truecount="2" falsecount="0"/>
        <line num="1049" count="33" type="stmt"/>
        <line num="1051" count="165" type="cond" truecount="2" falsecount="0"/>
        <line num="1052" count="573" type="cond" truecount="2" falsecount="0"/>
        <line num="1060" count="0" type="stmt"/>
        <line num="1063" count="4" type="stmt"/>
      </file>
      <file name="utils.js" path="/home/vincent/projects/tndarray/numts/utils.js">
        <metrics statements="88" coveredstatements="68" conditionals="49" coveredconditionals="34" methods="26" coveredmethods="24"/>
        <line num="2" count="4" type="stmt"/>
        <line num="4" count="4" type="stmt"/>
        <line num="12" count="8839" type="stmt"/>
        <line num="14" count="4" type="stmt"/>
        <line num="22" count="0" type="cond" truecount="0" falsecount="2"/>
        <line num="23" count="0" type="stmt"/>
        <line num="26" count="0" type="cond" truecount="0" falsecount="2"/>
        <line num="29" count="4" type="stmt"/>
        <line num="37" count="5588" type="cond" truecount="3" falsecount="0"/>
        <line num="39" count="4" type="stmt"/>
        <line num="46" count="592" type="stmt"/>
        <line num="48" count="4" type="stmt"/>
        <line num="56" count="494" type="cond" truecount="4" falsecount="0"/>
        <line num="57" count="15" type="stmt"/>
        <line num="59" count="479" type="cond" truecount="2" falsecount="0"/>
        <line num="60" count="2" type="stmt"/>
        <line num="63" count="2052" type="cond" truecount="2" falsecount="0"/>
        <line num="66" count="4" type="stmt"/>
        <line num="68" count="140" type="stmt"/>
        <line num="69" count="70" type="stmt"/>
        <line num="70" count="70" type="stmt"/>
        <line num="71" count="70" type="stmt"/>
        <line num="72" count="70" type="stmt"/>
        <line num="73" count="367" type="stmt"/>
        <line num="74" count="367" type="stmt"/>
        <line num="75" count="734" type="stmt"/>
        <line num="76" count="734" type="cond" truecount="2" falsecount="0"/>
        <line num="77" count="140" type="stmt"/>
        <line num="79" count="734" type="stmt"/>
        <line num="81" count="367" type="cond" truecount="2" falsecount="0"/>
        <line num="82" count="297" type="stmt"/>
        <line num="86" count="70" type="stmt"/>
        <line num="88" count="4" type="stmt"/>
        <line num="90" count="47" type="stmt"/>
        <line num="91" count="17" type="stmt"/>
        <line num="93" count="47" type="stmt"/>
        <line num="94" count="17" type="stmt"/>
        <line num="95" count="17" type="stmt"/>
        <line num="96" count="144" type="stmt"/>
        <line num="97" count="144" type="stmt"/>
        <line num="98" count="396" type="stmt"/>
        <line num="99" count="396" type="cond" truecount="2" falsecount="0"/>
        <line num="100" count="74" type="stmt"/>
        <line num="101" count="74" type="stmt"/>
        <line num="102" count="74" type="stmt"/>
        <line num="104" count="396" type="stmt"/>
        <line num="106" count="252" type="cond" truecount="2" falsecount="0"/>
        <line num="107" count="144" type="cond" truecount="2" falsecount="0"/>
        <line num="108" count="127" type="stmt"/>
        <line num="113" count="17" type="stmt"/>
        <line num="115" count="4" type="stmt"/>
        <line num="123" count="29" type="cond" truecount="1" falsecount="1"/>
        <line num="125" count="4" type="stmt"/>
        <line num="135" count="563" type="stmt"/>
        <line num="137" count="4" type="stmt"/>
        <line num="146" count="941" type="cond" truecount="3" falsecount="7"/>
        <line num="148" count="0" type="stmt"/>
        <line num="149" count="0" type="stmt"/>
        <line num="151" count="0" type="stmt"/>
        <line num="152" count="0" type="stmt"/>
        <line num="154" count="483" type="stmt"/>
        <line num="155" count="483" type="stmt"/>
        <line num="157" count="0" type="stmt"/>
        <line num="158" count="0" type="stmt"/>
        <line num="160" count="0" type="stmt"/>
        <line num="161" count="0" type="stmt"/>
        <line num="163" count="0" type="stmt"/>
        <line num="164" count="0" type="stmt"/>
        <line num="166" count="0" type="stmt"/>
        <line num="167" count="0" type="stmt"/>
        <line num="169" count="0" type="stmt"/>
        <line num="170" count="0" type="stmt"/>
        <line num="172" count="12" type="stmt"/>
        <line num="173" count="12" type="stmt"/>
        <line num="175" count="446" type="stmt"/>
        <line num="177" count="941" type="stmt"/>
        <line num="179" count="4" type="stmt"/>
        <line num="189" count="24" type="stmt"/>
        <line num="190" count="96" type="cond" truecount="2" falsecount="0"/>
        <line num="191" count="96" type="cond" truecount="2" falsecount="0"/>
        <line num="192" count="24" type="cond" truecount="2" falsecount="0"/>
        <line num="193" count="22" type="stmt"/>
        <line num="195" count="2" type="cond" truecount="1" falsecount="1"/>
        <line num="196" count="2" type="stmt"/>
        <line num="198" count="0" type="cond" truecount="0" falsecount="2"/>
        <line num="199" count="0" type="stmt"/>
        <line num="202" count="0" type="stmt"/>
        <line num="205" count="4" type="stmt"/>
      </file>
    </metrics>
  </project>
</coverage>
