{"/home/vincent/projects/tndarray/numts/indexing.js": {"path":"/home/vincent/projects/tndarray/numts/indexing.js","statementMap":{"0":{"start":{"line":2,"column":0},"end":{"line":2,"column":62}},"1":{"start":{"line":3,"column":16},"end":{"line":3,"column":34}},"2":{"start":{"line":4,"column":19},"end":{"line":4,"column":40}},"3":{"start":{"line":6,"column":0},"end":{"line":248,"column":59}},"4":{"start":{"line":15,"column":8},"end":{"line":15,"column":45}},"5":{"start":{"line":15,"column":38},"end":{"line":15,"column":43}},"6":{"start":{"line":17,"column":4},"end":{"line":17,"column":41}},"7":{"start":{"line":27,"column":8},"end":{"line":49,"column":9}},"8":{"start":{"line":28,"column":12},"end":{"line":28,"column":51}},"9":{"start":{"line":31,"column":13},"end":{"line":49,"column":9}},"10":{"start":{"line":33,"column":12},"end":{"line":41,"column":13}},"11":{"start":{"line":34,"column":16},"end":{"line":34,"column":51}},"12":{"start":{"line":36,"column":17},"end":{"line":41,"column":13}},"13":{"start":{"line":37,"column":16},"end":{"line":37,"column":53}},"14":{"start":{"line":40,"column":16},"end":{"line":40,"column":64}},"15":{"start":{"line":44,"column":13},"end":{"line":49,"column":9}},"16":{"start":{"line":45,"column":12},"end":{"line":45,"column":32}},"17":{"start":{"line":48,"column":12},"end":{"line":48,"column":92}},"18":{"start":{"line":50,"column":8},"end":{"line":50,"column":27}},"19":{"start":{"line":52,"column":4},"end":{"line":52,"column":43}},"20":{"start":{"line":61,"column":21},"end":{"line":61,"column":53}},"21":{"start":{"line":61,"column":40},"end":{"line":61,"column":52}},"22":{"start":{"line":62,"column":31},"end":{"line":62,"column":75}},"23":{"start":{"line":62,"column":50},"end":{"line":62,"column":74}},"24":{"start":{"line":63,"column":8},"end":{"line":63,"column":47}},"25":{"start":{"line":65,"column":4},"end":{"line":65,"column":57}},"26":{"start":{"line":67,"column":8},"end":{"line":67,"column":80}},"27":{"start":{"line":67,"column":40},"end":{"line":67,"column":72}},"28":{"start":{"line":69,"column":4},"end":{"line":69,"column":79}},"29":{"start":{"line":78,"column":8},"end":{"line":83,"column":9}},"30":{"start":{"line":79,"column":12},"end":{"line":79,"column":43}},"31":{"start":{"line":82,"column":12},"end":{"line":82,"column":63}},"32":{"start":{"line":82,"column":51},"end":{"line":82,"column":61}},"33":{"start":{"line":84,"column":8},"end":{"line":84,"column":25}},"34":{"start":{"line":86,"column":4},"end":{"line":86,"column":55}},"35":{"start":{"line":95,"column":23},"end":{"line":95,"column":81}},"36":{"start":{"line":96,"column":23},"end":{"line":96,"column":68}},"37":{"start":{"line":96,"column":44},"end":{"line":96,"column":67}},"38":{"start":{"line":97,"column":8},"end":{"line":97,"column":49}},"39":{"start":{"line":97,"column":39},"end":{"line":97,"column":44}},"40":{"start":{"line":99,"column":4},"end":{"line":99,"column":53}},"41":{"start":{"line":109,"column":8},"end":{"line":109,"column":67}},"42":{"start":{"line":111,"column":4},"end":{"line":111,"column":43}},"43":{"start":{"line":118,"column":21},"end":{"line":118,"column":50}},"44":{"start":{"line":119,"column":8},"end":{"line":119,"column":22}},"45":{"start":{"line":121,"column":8},"end":{"line":123,"column":9}},"46":{"start":{"line":122,"column":12},"end":{"line":122,"column":49}},"47":{"start":{"line":124,"column":8},"end":{"line":124,"column":22}},"48":{"start":{"line":126,"column":4},"end":{"line":126,"column":51}},"49":{"start":{"line":134,"column":26},"end":{"line":134,"column":41}},"50":{"start":{"line":135,"column":16},"end":{"line":135,"column":17}},"51":{"start":{"line":136,"column":8},"end":{"line":145,"column":9}},"52":{"start":{"line":137,"column":12},"end":{"line":143,"column":13}},"53":{"start":{"line":138,"column":16},"end":{"line":138,"column":70}},"54":{"start":{"line":140,"column":17},"end":{"line":143,"column":13}},"55":{"start":{"line":141,"column":37},"end":{"line":141,"column":82}},"56":{"start":{"line":142,"column":16},"end":{"line":142,"column":40}},"57":{"start":{"line":144,"column":12},"end":{"line":144,"column":19}},"58":{"start":{"line":146,"column":8},"end":{"line":146,"column":27}},"59":{"start":{"line":148,"column":4},"end":{"line":148,"column":65}},"60":{"start":{"line":157,"column":31},"end":{"line":157,"column":39}},"61":{"start":{"line":158,"column":31},"end":{"line":158,"column":39}},"62":{"start":{"line":159,"column":8},"end":{"line":164,"column":9}},"63":{"start":{"line":160,"column":12},"end":{"line":160,"column":38}},"64":{"start":{"line":162,"column":13},"end":{"line":164,"column":9}},"65":{"start":{"line":163,"column":12},"end":{"line":163,"column":38}},"66":{"start":{"line":165,"column":37},"end":{"line":165,"column":81}},"67":{"start":{"line":166,"column":31},"end":{"line":166,"column":68}},"68":{"start":{"line":167,"column":8},"end":{"line":185,"column":9}},"69":{"start":{"line":168,"column":30},"end":{"line":168,"column":85}},"70":{"start":{"line":169,"column":30},"end":{"line":169,"column":85}},"71":{"start":{"line":172,"column":12},"end":{"line":183,"column":13}},"72":{"start":{"line":173,"column":16},"end":{"line":173,"column":40}},"73":{"start":{"line":175,"column":17},"end":{"line":183,"column":13}},"74":{"start":{"line":176,"column":16},"end":{"line":176,"column":40}},"75":{"start":{"line":178,"column":17},"end":{"line":183,"column":13}},"76":{"start":{"line":179,"column":16},"end":{"line":179,"column":40}},"77":{"start":{"line":182,"column":16},"end":{"line":182,"column":170}},"78":{"start":{"line":184,"column":12},"end":{"line":184,"column":65}},"79":{"start":{"line":186,"column":8},"end":{"line":186,"column":30}},"80":{"start":{"line":188,"column":4},"end":{"line":188,"column":77}},"81":{"start":{"line":202,"column":8},"end":{"line":205,"column":9}},"82":{"start":{"line":203,"column":12},"end":{"line":203,"column":59}},"83":{"start":{"line":204,"column":12},"end":{"line":204,"column":26}},"84":{"start":{"line":206,"column":8},"end":{"line":209,"column":9}},"85":{"start":{"line":207,"column":12},"end":{"line":207,"column":42}},"86":{"start":{"line":208,"column":12},"end":{"line":208,"column":66}},"87":{"start":{"line":210,"column":19},"end":{"line":210,"column":21}},"88":{"start":{"line":211,"column":21},"end":{"line":211,"column":85}},"89":{"start":{"line":212,"column":30},"end":{"line":212,"column":53}},"90":{"start":{"line":213,"column":8},"end":{"line":230,"column":10}},"91":{"start":{"line":214,"column":32},"end":{"line":214,"column":54}},"92":{"start":{"line":215,"column":24},"end":{"line":215,"column":25}},"93":{"start":{"line":217,"column":12},"end":{"line":229,"column":13}},"94":{"start":{"line":219,"column":16},"end":{"line":219,"column":44}},"95":{"start":{"line":220,"column":16},"end":{"line":220,"column":47}},"96":{"start":{"line":222,"column":40},"end":{"line":222,"column":53}},"97":{"start":{"line":223,"column":16},"end":{"line":227,"column":17}},"98":{"start":{"line":224,"column":20},"end":{"line":224,"column":89}},"99":{"start":{"line":225,"column":20},"end":{"line":225,"column":40}},"100":{"start":{"line":226,"column":20},"end":{"line":226,"column":81}},"101":{"start":{"line":228,"column":16},"end":{"line":228,"column":24}},"102":{"start":{"line":231,"column":8},"end":{"line":231,"column":20}},"103":{"start":{"line":233,"column":4},"end":{"line":233,"column":45}},"104":{"start":{"line":240,"column":20},"end":{"line":240,"column":22}},"105":{"start":{"line":242,"column":8},"end":{"line":244,"column":11}},"106":{"start":{"line":243,"column":12},"end":{"line":243,"column":35}},"107":{"start":{"line":245,"column":8},"end":{"line":245,"column":21}},"108":{"start":{"line":247,"column":4},"end":{"line":247,"column":45}}},"fnMap":{"0":{"name":"(anonymous_0)","decl":{"start":{"line":6,"column":1},"end":{"line":6,"column":2}},"loc":{"start":{"line":6,"column":21},"end":{"line":248,"column":1}},"line":6},"1":{"name":"compute_size","decl":{"start":{"line":13,"column":13},"end":{"line":13,"column":25}},"loc":{"start":{"line":13,"column":33},"end":{"line":16,"column":5}},"line":13},"2":{"name":"(anonymous_2)","decl":{"start":{"line":15,"column":28},"end":{"line":15,"column":29}},"loc":{"start":{"line":15,"column":38},"end":{"line":15,"column":43}},"line":15},"3":{"name":"compute_shape","decl":{"start":{"line":24,"column":13},"end":{"line":24,"column":26}},"loc":{"start":{"line":24,"column":34},"end":{"line":51,"column":5}},"line":24},"4":{"name":"new_shape_from_slice","decl":{"start":{"line":60,"column":13},"end":{"line":60,"column":33}},"loc":{"start":{"line":60,"column":54},"end":{"line":64,"column":5}},"line":60},"5":{"name":"(anonymous_5)","decl":{"start":{"line":61,"column":30},"end":{"line":61,"column":31}},"loc":{"start":{"line":61,"column":40},"end":{"line":61,"column":52}},"line":61},"6":{"name":"(anonymous_6)","decl":{"start":{"line":62,"column":40},"end":{"line":62,"column":41}},"loc":{"start":{"line":62,"column":50},"end":{"line":62,"column":74}},"line":62},"7":{"name":"checks_indices_are_single_index","decl":{"start":{"line":66,"column":13},"end":{"line":66,"column":44}},"loc":{"start":{"line":66,"column":57},"end":{"line":68,"column":5}},"line":66},"8":{"name":"(anonymous_8)","decl":{"start":{"line":67,"column":30},"end":{"line":67,"column":31}},"loc":{"start":{"line":67,"column":40},"end":{"line":67,"column":72}},"line":67},"9":{"name":"new_shape_from_axis","decl":{"start":{"line":76,"column":13},"end":{"line":76,"column":32}},"loc":{"start":{"line":76,"column":50},"end":{"line":85,"column":5}},"line":76},"10":{"name":"(anonymous_10)","decl":{"start":{"line":82,"column":41},"end":{"line":82,"column":42}},"loc":{"start":{"line":82,"column":51},"end":{"line":82,"column":61}},"line":82},"11":{"name":"compute_slice_size","decl":{"start":{"line":94,"column":13},"end":{"line":94,"column":31}},"loc":{"start":{"line":94,"column":67},"end":{"line":98,"column":5}},"line":94},"12":{"name":"(anonymous_12)","decl":{"start":{"line":96,"column":34},"end":{"line":96,"column":35}},"loc":{"start":{"line":96,"column":44},"end":{"line":96,"column":67}},"line":96},"13":{"name":"(anonymous_13)","decl":{"start":{"line":97,"column":29},"end":{"line":97,"column":30}},"loc":{"start":{"line":97,"column":39},"end":{"line":97,"column":44}},"line":97},"14":{"name":"index_in_data","decl":{"start":{"line":108,"column":13},"end":{"line":108,"column":26}},"loc":{"start":{"line":108,"column":60},"end":{"line":110,"column":5}},"line":108},"15":{"name":"stride_from_shape","decl":{"start":{"line":117,"column":13},"end":{"line":117,"column":30}},"loc":{"start":{"line":117,"column":38},"end":{"line":125,"column":5}},"line":117},"16":{"name":"convert_negative_indices","decl":{"start":{"line":133,"column":13},"end":{"line":133,"column":37}},"loc":{"start":{"line":133,"column":54},"end":{"line":147,"column":5}},"line":133},"17":{"name":"calculate_broadcast_dimensions","decl":{"start":{"line":156,"column":13},"end":{"line":156,"column":43}},"loc":{"start":{"line":156,"column":50},"end":{"line":187,"column":5}},"line":156},"18":{"name":"slice_iterator","decl":{"start":{"line":201,"column":13},"end":{"line":201,"column":27}},"loc":{"start":{"line":201,"column":65},"end":{"line":232,"column":5}},"line":201},"19":{"name":"(anonymous_19)","decl":{"start":{"line":213,"column":32},"end":{"line":213,"column":33}},"loc":{"start":{"line":213,"column":45},"end":{"line":230,"column":9}},"line":213},"20":{"name":"index_to_slice","decl":{"start":{"line":239,"column":13},"end":{"line":239,"column":27}},"loc":{"start":{"line":239,"column":35},"end":{"line":246,"column":5}},"line":239},"21":{"name":"(anonymous_21)","decl":{"start":{"line":242,"column":22},"end":{"line":242,"column":23}},"loc":{"start":{"line":242,"column":27},"end":{"line":244,"column":9}},"line":242}},"branchMap":{"0":{"loc":{"start":{"line":27,"column":8},"end":{"line":49,"column":9}},"type":"if","locations":[{"start":{"line":27,"column":8},"end":{"line":49,"column":9}},{"start":{"line":27,"column":8},"end":{"line":49,"column":9}}],"line":27},"1":{"loc":{"start":{"line":31,"column":13},"end":{"line":49,"column":9}},"type":"if","locations":[{"start":{"line":31,"column":13},"end":{"line":49,"column":9}},{"start":{"line":31,"column":13},"end":{"line":49,"column":9}}],"line":31},"2":{"loc":{"start":{"line":33,"column":12},"end":{"line":41,"column":13}},"type":"if","locations":[{"start":{"line":33,"column":12},"end":{"line":41,"column":13}},{"start":{"line":33,"column":12},"end":{"line":41,"column":13}}],"line":33},"3":{"loc":{"start":{"line":36,"column":17},"end":{"line":41,"column":13}},"type":"if","locations":[{"start":{"line":36,"column":17},"end":{"line":41,"column":13}},{"start":{"line":36,"column":17},"end":{"line":41,"column":13}}],"line":36},"4":{"loc":{"start":{"line":44,"column":13},"end":{"line":49,"column":9}},"type":"if","locations":[{"start":{"line":44,"column":13},"end":{"line":49,"column":9}},{"start":{"line":44,"column":13},"end":{"line":49,"column":9}}],"line":44},"5":{"loc":{"start":{"line":67,"column":40},"end":{"line":67,"column":72}},"type":"binary-expr","locations":[{"start":{"line":67,"column":40},"end":{"line":67,"column":41}},{"start":{"line":67,"column":45},"end":{"line":67,"column":72}}],"line":67},"6":{"loc":{"start":{"line":78,"column":8},"end":{"line":83,"column":9}},"type":"if","locations":[{"start":{"line":78,"column":8},"end":{"line":83,"column":9}},{"start":{"line":78,"column":8},"end":{"line":83,"column":9}}],"line":78},"7":{"loc":{"start":{"line":137,"column":12},"end":{"line":143,"column":13}},"type":"if","locations":[{"start":{"line":137,"column":12},"end":{"line":143,"column":13}},{"start":{"line":137,"column":12},"end":{"line":143,"column":13}}],"line":137},"8":{"loc":{"start":{"line":138,"column":33},"end":{"line":138,"column":69}},"type":"cond-expr","locations":[{"start":{"line":138,"column":45},"end":{"line":138,"column":61}},{"start":{"line":138,"column":64},"end":{"line":138,"column":69}}],"line":138},"9":{"loc":{"start":{"line":140,"column":17},"end":{"line":143,"column":13}},"type":"if","locations":[{"start":{"line":140,"column":17},"end":{"line":143,"column":13}},{"start":{"line":140,"column":17},"end":{"line":143,"column":13}}],"line":140},"10":{"loc":{"start":{"line":140,"column":21},"end":{"line":140,"column":70}},"type":"binary-expr","locations":[{"start":{"line":140,"column":21},"end":{"line":140,"column":41}},{"start":{"line":140,"column":45},"end":{"line":140,"column":70}}],"line":140},"11":{"loc":{"start":{"line":141,"column":37},"end":{"line":141,"column":82}},"type":"cond-expr","locations":[{"start":{"line":141,"column":52},"end":{"line":141,"column":71}},{"start":{"line":141,"column":74},"end":{"line":141,"column":82}}],"line":141},"12":{"loc":{"start":{"line":159,"column":8},"end":{"line":164,"column":9}},"type":"if","locations":[{"start":{"line":159,"column":8},"end":{"line":164,"column":9}},{"start":{"line":159,"column":8},"end":{"line":164,"column":9}}],"line":159},"13":{"loc":{"start":{"line":162,"column":13},"end":{"line":164,"column":9}},"type":"if","locations":[{"start":{"line":162,"column":13},"end":{"line":164,"column":9}},{"start":{"line":162,"column":13},"end":{"line":164,"column":9}}],"line":162},"14":{"loc":{"start":{"line":168,"column":30},"end":{"line":168,"column":85}},"type":"cond-expr","locations":[{"start":{"line":168,"column":58},"end":{"line":168,"column":81}},{"start":{"line":168,"column":84},"end":{"line":168,"column":85}}],"line":168},"15":{"loc":{"start":{"line":169,"column":30},"end":{"line":169,"column":85}},"type":"cond-expr","locations":[{"start":{"line":169,"column":58},"end":{"line":169,"column":81}},{"start":{"line":169,"column":84},"end":{"line":169,"column":85}}],"line":169},"16":{"loc":{"start":{"line":172,"column":12},"end":{"line":183,"column":13}},"type":"if","locations":[{"start":{"line":172,"column":12},"end":{"line":183,"column":13}},{"start":{"line":172,"column":12},"end":{"line":183,"column":13}}],"line":172},"17":{"loc":{"start":{"line":175,"column":17},"end":{"line":183,"column":13}},"type":"if","locations":[{"start":{"line":175,"column":17},"end":{"line":183,"column":13}},{"start":{"line":175,"column":17},"end":{"line":183,"column":13}}],"line":175},"18":{"loc":{"start":{"line":178,"column":17},"end":{"line":183,"column":13}},"type":"if","locations":[{"start":{"line":178,"column":17},"end":{"line":183,"column":13}},{"start":{"line":178,"column":17},"end":{"line":183,"column":13}}],"line":178},"19":{"loc":{"start":{"line":202,"column":8},"end":{"line":205,"column":9}},"type":"if","locations":[{"start":{"line":202,"column":8},"end":{"line":205,"column":9}},{"start":{"line":202,"column":8},"end":{"line":205,"column":9}}],"line":202},"20":{"loc":{"start":{"line":206,"column":8},"end":{"line":209,"column":9}},"type":"if","locations":[{"start":{"line":206,"column":8},"end":{"line":209,"column":9}},{"start":{"line":206,"column":8},"end":{"line":209,"column":9}}],"line":206},"21":{"loc":{"start":{"line":223,"column":23},"end":{"line":223,"column":119}},"type":"binary-expr","locations":[{"start":{"line":223,"column":23},"end":{"line":223,"column":45}},{"start":{"line":223,"column":50},"end":{"line":223,"column":118}}],"line":223},"22":{"loc":{"start":{"line":248,"column":14},"end":{"line":248,"column":57}},"type":"binary-expr","locations":[{"start":{"line":248,"column":14},"end":{"line":248,"column":30}},{"start":{"line":248,"column":35},"end":{"line":248,"column":56}}],"line":248}},"s":{"0":4,"1":4,"2":4,"3":4,"4":1492,"5":3531,"6":4,"7":592,"8":5,"9":587,"10":435,"11":1,"12":434,"13":433,"14":1,"15":152,"16":151,"17":1,"18":590,"19":4,"20":150,"21":314,"22":150,"23":314,"24":150,"25":4,"26":98,"27":172,"28":4,"29":12,"30":0,"31":12,"32":36,"33":12,"34":4,"35":420,"36":420,"37":563,"38":420,"39":563,"40":4,"41":4819,"42":4,"43":758,"44":758,"45":758,"46":1737,"47":758,"48":4,"49":2049,"50":2049,"51":2049,"52":3015,"53":2929,"54":86,"55":20,"56":20,"57":3015,"58":2049,"59":4,"60":225,"61":225,"62":225,"63":2,"64":223,"65":1,"66":222,"67":222,"68":222,"69":986,"70":986,"71":986,"72":871,"73":115,"74":93,"75":22,"76":22,"77":0,"78":986,"79":222,"80":4,"81":417,"82":183,"83":183,"84":417,"85":176,"86":176,"87":417,"88":417,"89":417,"90":417,"91":491,"92":491,"93":491,"94":4766,"95":4668,"96":4668,"97":4668,"98":945,"99":945,"100":945,"101":4668,"102":417,"103":4,"104":5,"105":5,"106":5,"107":5,"108":4},"f":{"0":4,"1":1492,"2":3531,"3":592,"4":150,"5":314,"6":314,"7":98,"8":172,"9":12,"10":36,"11":420,"12":563,"13":563,"14":4819,"15":758,"16":2049,"17":225,"18":417,"19":491,"20":5,"21":5},"b":{"0":[5,587],"1":[435,152],"2":[1,434],"3":[433,1],"4":[151,1],"5":[172,171],"6":[0,12],"7":[2929,86],"8":[4,2925],"9":[20,66],"10":[86,66],"11":[2,18],"12":[2,223],"13":[1,222],"14":[986,0],"15":[961,25],"16":[871,115],"17":[93,22],"18":[22,0],"19":[183,234],"20":[176,241],"21":[5613,5220],"22":[4,4]},"_coverageSchema":"332fd63041d2c1bcb487cc26dd0d5f7d97098a6c","hash":"fcaeb714157cd956a1943e832863156485dfe239"}
,"/home/vincent/projects/tndarray/numts/numts.js": {"path":"/home/vincent/projects/tndarray/numts/numts.js","statementMap":{"0":{"start":{"line":2,"column":0},"end":{"line":2,"column":62}},"1":{"start":{"line":3,"column":19},"end":{"line":3,"column":40}},"2":{"start":{"line":4,"column":0},"end":{"line":4,"column":39}},"3":{"start":{"line":5,"column":19},"end":{"line":5,"column":40}},"4":{"start":{"line":6,"column":16},"end":{"line":6,"column":34}},"5":{"start":{"line":15,"column":0},"end":{"line":15,"column":22}},"6":{"start":{"line":26,"column":4},"end":{"line":26,"column":42}},"7":{"start":{"line":28,"column":0},"end":{"line":28,"column":18}},"8":{"start":{"line":30,"column":4},"end":{"line":30,"column":42}},"9":{"start":{"line":32,"column":0},"end":{"line":32,"column":18}},"10":{"start":{"line":34,"column":4},"end":{"line":34,"column":43}},"11":{"start":{"line":36,"column":0},"end":{"line":36,"column":20}},"12":{"start":{"line":38,"column":4},"end":{"line":38,"column":42}},"13":{"start":{"line":40,"column":0},"end":{"line":40,"column":18}},"14":{"start":{"line":48,"column":4},"end":{"line":48,"column":51}},"15":{"start":{"line":50,"column":0},"end":{"line":50,"column":22}},"16":{"start":{"line":58,"column":4},"end":{"line":58,"column":55}},"17":{"start":{"line":60,"column":0},"end":{"line":60,"column":20}},"18":{"start":{"line":70,"column":4},"end":{"line":72,"column":5}},"19":{"start":{"line":71,"column":8},"end":{"line":71,"column":17}},"20":{"start":{"line":74,"column":4},"end":{"line":80,"column":5}},"21":{"start":{"line":75,"column":8},"end":{"line":75,"column":29}},"22":{"start":{"line":76,"column":8},"end":{"line":76,"column":18}},"23":{"start":{"line":79,"column":8},"end":{"line":79,"column":30}},"24":{"start":{"line":81,"column":15},"end":{"line":81,"column":58}},"25":{"start":{"line":82,"column":4},"end":{"line":90,"column":5}},"26":{"start":{"line":83,"column":8},"end":{"line":83,"column":40}},"27":{"start":{"line":86,"column":27},"end":{"line":86,"column":66}},"28":{"start":{"line":87,"column":8},"end":{"line":89,"column":9}},"29":{"start":{"line":88,"column":12},"end":{"line":88,"column":105}},"30":{"start":{"line":91,"column":15},"end":{"line":99,"column":5}},"31":{"start":{"line":93,"column":20},"end":{"line":93,"column":25}},"32":{"start":{"line":94,"column":12},"end":{"line":97,"column":13}},"33":{"start":{"line":95,"column":16},"end":{"line":95,"column":24}},"34":{"start":{"line":96,"column":16},"end":{"line":96,"column":26}},"35":{"start":{"line":100,"column":20},"end":{"line":100,"column":47}},"36":{"start":{"line":101,"column":4},"end":{"line":101,"column":67}},"37":{"start":{"line":103,"column":0},"end":{"line":103,"column":24}},"38":{"start":{"line":112,"column":15},"end":{"line":112,"column":17}},"39":{"start":{"line":113,"column":18},"end":{"line":113,"column":30}},"40":{"start":{"line":114,"column":20},"end":{"line":114,"column":25}},"41":{"start":{"line":115,"column":4},"end":{"line":123,"column":5}},"42":{"start":{"line":116,"column":8},"end":{"line":116,"column":34}},"43":{"start":{"line":117,"column":8},"end":{"line":122,"column":9}},"44":{"start":{"line":118,"column":12},"end":{"line":118,"column":33}},"45":{"start":{"line":121,"column":12},"end":{"line":121,"column":29}},"46":{"start":{"line":124,"column":4},"end":{"line":124,"column":33}},"47":{"start":{"line":126,"column":0},"end":{"line":126,"column":50}},"48":{"start":{"line":135,"column":27},"end":{"line":135,"column":39}},"49":{"start":{"line":136,"column":4},"end":{"line":138,"column":5}},"50":{"start":{"line":137,"column":8},"end":{"line":137,"column":51}},"51":{"start":{"line":139,"column":4},"end":{"line":139,"column":28}},"52":{"start":{"line":141,"column":0},"end":{"line":141,"column":72}},"53":{"start":{"line":151,"column":4},"end":{"line":153,"column":5}},"54":{"start":{"line":152,"column":8},"end":{"line":152,"column":45}},"55":{"start":{"line":154,"column":23},"end":{"line":154,"column":49}},"56":{"start":{"line":155,"column":21},"end":{"line":155,"column":67}},"57":{"start":{"line":156,"column":17},"end":{"line":156,"column":61}},"58":{"start":{"line":157,"column":23},"end":{"line":157,"column":53}},"59":{"start":{"line":158,"column":17},"end":{"line":158,"column":37}},"60":{"start":{"line":159,"column":18},"end":{"line":159,"column":101}},"61":{"start":{"line":160,"column":4},"end":{"line":163,"column":5}},"62":{"start":{"line":161,"column":27},"end":{"line":161,"column":63}},"63":{"start":{"line":162,"column":8},"end":{"line":162,"column":82}},"64":{"start":{"line":164,"column":4},"end":{"line":164,"column":19}},"65":{"start":{"line":166,"column":0},"end":{"line":166,"column":46}}},"fnMap":{"0":{"name":"where","decl":{"start":{"line":13,"column":9},"end":{"line":13,"column":14}},"loc":{"start":{"line":13,"column":32},"end":{"line":14,"column":1}},"line":13},"1":{"name":"add","decl":{"start":{"line":25,"column":9},"end":{"line":25,"column":12}},"loc":{"start":{"line":25,"column":19},"end":{"line":27,"column":1}},"line":25},"2":{"name":"div","decl":{"start":{"line":29,"column":9},"end":{"line":29,"column":12}},"loc":{"start":{"line":29,"column":19},"end":{"line":31,"column":1}},"line":29},"3":{"name":"mult","decl":{"start":{"line":33,"column":9},"end":{"line":33,"column":13}},"loc":{"start":{"line":33,"column":20},"end":{"line":35,"column":1}},"line":33},"4":{"name":"sub","decl":{"start":{"line":37,"column":9},"end":{"line":37,"column":12}},"loc":{"start":{"line":37,"column":19},"end":{"line":39,"column":1}},"line":37},"5":{"name":"zeros","decl":{"start":{"line":47,"column":9},"end":{"line":47,"column":14}},"loc":{"start":{"line":47,"column":29},"end":{"line":49,"column":1}},"line":47},"6":{"name":"ones","decl":{"start":{"line":57,"column":9},"end":{"line":57,"column":13}},"loc":{"start":{"line":57,"column":28},"end":{"line":59,"column":1}},"line":57},"7":{"name":"arange","decl":{"start":{"line":69,"column":9},"end":{"line":69,"column":15}},"loc":{"start":{"line":69,"column":50},"end":{"line":102,"column":1}},"line":69},"8":{"name":"(anonymous_8)","decl":{"start":{"line":92,"column":27},"end":{"line":92,"column":28}},"loc":{"start":{"line":92,"column":40},"end":{"line":98,"column":9}},"line":92},"9":{"name":"_nested_array_shape","decl":{"start":{"line":111,"column":9},"end":{"line":111,"column":28}},"loc":{"start":{"line":111,"column":43},"end":{"line":125,"column":1}},"line":111},"10":{"name":"_nested_array_value_from_index","decl":{"start":{"line":134,"column":9},"end":{"line":134,"column":39}},"loc":{"start":{"line":134,"column":63},"end":{"line":140,"column":1}},"line":134},"11":{"name":"from_nested_array","decl":{"start":{"line":150,"column":9},"end":{"line":150,"column":26}},"loc":{"start":{"line":150,"column":41},"end":{"line":165,"column":1}},"line":150}},"branchMap":{"0":{"loc":{"start":{"line":70,"column":4},"end":{"line":72,"column":5}},"type":"if","locations":[{"start":{"line":70,"column":4},"end":{"line":72,"column":5}},{"start":{"line":70,"column":4},"end":{"line":72,"column":5}}],"line":70},"1":{"loc":{"start":{"line":74,"column":4},"end":{"line":80,"column":5}},"type":"if","locations":[{"start":{"line":74,"column":4},"end":{"line":80,"column":5}},{"start":{"line":74,"column":4},"end":{"line":80,"column":5}}],"line":74},"2":{"loc":{"start":{"line":82,"column":4},"end":{"line":90,"column":5}},"type":"if","locations":[{"start":{"line":82,"column":4},"end":{"line":90,"column":5}},{"start":{"line":82,"column":4},"end":{"line":90,"column":5}}],"line":82},"3":{"loc":{"start":{"line":87,"column":8},"end":{"line":89,"column":9}},"type":"if","locations":[{"start":{"line":87,"column":8},"end":{"line":89,"column":9}},{"start":{"line":87,"column":8},"end":{"line":89,"column":9}}],"line":87},"4":{"loc":{"start":{"line":100,"column":20},"end":{"line":100,"column":47}},"type":"cond-expr","locations":[{"start":{"line":100,"column":35},"end":{"line":100,"column":40}},{"start":{"line":100,"column":43},"end":{"line":100,"column":47}}],"line":100},"5":{"loc":{"start":{"line":117,"column":8},"end":{"line":122,"column":9}},"type":"if","locations":[{"start":{"line":117,"column":8},"end":{"line":122,"column":9}},{"start":{"line":117,"column":8},"end":{"line":122,"column":9}}],"line":117},"6":{"loc":{"start":{"line":151,"column":4},"end":{"line":153,"column":5}},"type":"if","locations":[{"start":{"line":151,"column":4},"end":{"line":153,"column":5}},{"start":{"line":151,"column":4},"end":{"line":153,"column":5}}],"line":151}},"s":{"0":4,"1":4,"2":4,"3":4,"4":4,"5":4,"6":1,"7":4,"8":0,"9":4,"10":0,"11":4,"12":0,"13":4,"14":425,"15":4,"16":2,"17":4,"18":63,"19":63,"20":63,"21":43,"22":43,"23":20,"24":63,"25":63,"26":63,"27":0,"28":0,"29":0,"30":63,"31":63,"32":63,"33":1134,"34":1071,"35":63,"36":63,"37":4,"38":38,"39":38,"40":38,"41":38,"42":82,"43":82,"44":44,"45":38,"46":38,"47":4,"48":594,"49":594,"50":1716,"51":594,"52":4,"53":39,"54":1,"55":38,"56":38,"57":38,"58":38,"59":38,"60":38,"61":38,"62":474,"63":474,"64":38,"65":4},"f":{"0":0,"1":1,"2":0,"3":0,"4":0,"5":425,"6":2,"7":63,"8":63,"9":38,"10":594,"11":39},"b":{"0":[63,0],"1":[43,20],"2":[63,0],"3":[0,0],"4":[0,63],"5":[44,38],"6":[1,38]},"_coverageSchema":"332fd63041d2c1bcb487cc26dd0d5f7d97098a6c","hash":"7679f0b809176578328909ce434a82c903f6a532"}
,"/home/vincent/projects/tndarray/numts/tndarray.js": {"path":"/home/vincent/projects/tndarray/numts/tndarray.js","statementMap":{"0":{"start":{"line":2,"column":0},"end":{"line":2,"column":62}},"1":{"start":{"line":3,"column":16},"end":{"line":3,"column":34}},"2":{"start":{"line":4,"column":19},"end":{"line":4,"column":40}},"3":{"start":{"line":6,"column":0},"end":{"line":43,"column":28}},"4":{"start":{"line":9,"column":12},"end":{"line":9,"column":47}},"5":{"start":{"line":12,"column":4},"end":{"line":12,"column":45}},"6":{"start":{"line":15,"column":12},"end":{"line":15,"column":48}},"7":{"start":{"line":18,"column":4},"end":{"line":18,"column":47}},"8":{"start":{"line":21,"column":12},"end":{"line":21,"column":31}},"9":{"start":{"line":24,"column":4},"end":{"line":24,"column":29}},"10":{"start":{"line":27,"column":4},"end":{"line":27,"column":49}},"11":{"start":{"line":30,"column":4},"end":{"line":30,"column":55}},"12":{"start":{"line":33,"column":4},"end":{"line":33,"column":31}},"13":{"start":{"line":36,"column":4},"end":{"line":36,"column":53}},"14":{"start":{"line":39,"column":4},"end":{"line":39,"column":49}},"15":{"start":{"line":42,"column":4},"end":{"line":42,"column":87}},"16":{"start":{"line":44,"column":0},"end":{"line":44,"column":24}},"17":{"start":{"line":60,"column":8},"end":{"line":60,"column":27}},"18":{"start":{"line":61,"column":8},"end":{"line":61,"column":29}},"19":{"start":{"line":62,"column":8},"end":{"line":62,"column":29}},"20":{"start":{"line":63,"column":8},"end":{"line":63,"column":27}},"21":{"start":{"line":64,"column":8},"end":{"line":64,"column":31}},"22":{"start":{"line":65,"column":8},"end":{"line":78,"column":9}},"23":{"start":{"line":66,"column":31},"end":{"line":66,"column":61}},"24":{"start":{"line":67,"column":12},"end":{"line":72,"column":13}},"25":{"start":{"line":68,"column":16},"end":{"line":68,"column":49}},"26":{"start":{"line":71,"column":16},"end":{"line":71,"column":33}},"27":{"start":{"line":73,"column":12},"end":{"line":73,"column":31}},"28":{"start":{"line":76,"column":12},"end":{"line":76,"column":29}},"29":{"start":{"line":77,"column":12},"end":{"line":77,"column":35}},"30":{"start":{"line":79,"column":8},"end":{"line":79,"column":80}},"31":{"start":{"line":80,"column":8},"end":{"line":80,"column":63}},"32":{"start":{"line":92,"column":8},"end":{"line":102,"column":11}},"33":{"start":{"line":93,"column":12},"end":{"line":101,"column":13}},"34":{"start":{"line":94,"column":16},"end":{"line":94,"column":29}},"35":{"start":{"line":96,"column":17},"end":{"line":101,"column":13}},"36":{"start":{"line":97,"column":16},"end":{"line":97,"column":29}},"37":{"start":{"line":100,"column":16},"end":{"line":100,"column":25}},"38":{"start":{"line":111,"column":8},"end":{"line":111,"column":67}},"39":{"start":{"line":111,"column":42},"end":{"line":111,"column":49}},"40":{"start":{"line":119,"column":8},"end":{"line":119,"column":75}},"41":{"start":{"line":119,"column":42},"end":{"line":119,"column":49}},"42":{"start":{"line":129,"column":8},"end":{"line":131,"column":9}},"43":{"start":{"line":130,"column":12},"end":{"line":130,"column":33}},"44":{"start":{"line":132,"column":8},"end":{"line":132,"column":20}},"45":{"start":{"line":141,"column":8},"end":{"line":141,"column":61}},"46":{"start":{"line":141,"column":39},"end":{"line":141,"column":53}},"47":{"start":{"line":148,"column":8},"end":{"line":153,"column":9}},"48":{"start":{"line":149,"column":12},"end":{"line":149,"column":44}},"49":{"start":{"line":152,"column":12},"end":{"line":152,"column":67}},"50":{"start":{"line":161,"column":8},"end":{"line":161,"column":61}},"51":{"start":{"line":161,"column":39},"end":{"line":161,"column":53}},"52":{"start":{"line":167,"column":22},"end":{"line":167,"column":24}},"53":{"start":{"line":168,"column":8},"end":{"line":173,"column":9}},"54":{"start":{"line":169,"column":31},"end":{"line":169,"column":62}},"55":{"start":{"line":170,"column":12},"end":{"line":172,"column":13}},"56":{"start":{"line":171,"column":16},"end":{"line":171,"column":36}},"57":{"start":{"line":174,"column":8},"end":{"line":174,"column":23}},"58":{"start":{"line":182,"column":8},"end":{"line":182,"column":47}},"59":{"start":{"line":182,"column":29},"end":{"line":182,"column":45}},"60":{"start":{"line":192,"column":8},"end":{"line":199,"column":9}},"61":{"start":{"line":194,"column":12},"end":{"line":194,"column":33}},"62":{"start":{"line":198,"column":12},"end":{"line":198,"column":30}},"63":{"start":{"line":200,"column":8},"end":{"line":202,"column":9}},"64":{"start":{"line":201,"column":12},"end":{"line":201,"column":43}},"65":{"start":{"line":203,"column":25},"end":{"line":203,"column":64}},"66":{"start":{"line":204,"column":21},"end":{"line":204,"column":65}},"67":{"start":{"line":205,"column":8},"end":{"line":207,"column":9}},"68":{"start":{"line":206,"column":12},"end":{"line":206,"column":162}},"69":{"start":{"line":208,"column":25},"end":{"line":208,"column":47}},"70":{"start":{"line":209,"column":8},"end":{"line":209,"column":69}},"71":{"start":{"line":220,"column":21},"end":{"line":220,"column":36}},"72":{"start":{"line":221,"column":31},"end":{"line":221,"column":44}},"73":{"start":{"line":222,"column":32},"end":{"line":222,"column":57}},"74":{"start":{"line":223,"column":29},"end":{"line":223,"column":53}},"75":{"start":{"line":224,"column":27},"end":{"line":224,"column":71}},"76":{"start":{"line":225,"column":23},"end":{"line":225,"column":55}},"77":{"start":{"line":226,"column":8},"end":{"line":231,"column":9}},"78":{"start":{"line":227,"column":12},"end":{"line":227,"column":34}},"79":{"start":{"line":230,"column":12},"end":{"line":230,"column":26}},"80":{"start":{"line":239,"column":20},"end":{"line":239,"column":36}},"81":{"start":{"line":240,"column":23},"end":{"line":240,"column":48}},"82":{"start":{"line":241,"column":8},"end":{"line":246,"column":9}},"83":{"start":{"line":242,"column":12},"end":{"line":242,"column":34}},"84":{"start":{"line":245,"column":12},"end":{"line":245,"column":26}},"85":{"start":{"line":254,"column":8},"end":{"line":254,"column":50}},"86":{"start":{"line":254,"column":37},"end":{"line":254,"column":42}},"87":{"start":{"line":263,"column":30},"end":{"line":263,"column":32}},"88":{"start":{"line":264,"column":31},"end":{"line":264,"column":33}},"89":{"start":{"line":265,"column":31},"end":{"line":265,"column":33}},"90":{"start":{"line":266,"column":8},"end":{"line":272,"column":11}},"91":{"start":{"line":267,"column":12},"end":{"line":271,"column":13}},"92":{"start":{"line":268,"column":16},"end":{"line":268,"column":40}},"93":{"start":{"line":269,"column":16},"end":{"line":269,"column":54}},"94":{"start":{"line":270,"column":16},"end":{"line":270,"column":54}},"95":{"start":{"line":273,"column":21},"end":{"line":273,"column":70}},"96":{"start":{"line":274,"column":26},"end":{"line":274,"column":58}},"97":{"start":{"line":275,"column":27},"end":{"line":275,"column":60}},"98":{"start":{"line":276,"column":27},"end":{"line":276,"column":60}},"99":{"start":{"line":277,"column":21},"end":{"line":277,"column":115}},"100":{"start":{"line":278,"column":8},"end":{"line":278,"column":20}},"101":{"start":{"line":293,"column":8},"end":{"line":295,"column":9}},"102":{"start":{"line":294,"column":12},"end":{"line":294,"column":24}},"103":{"start":{"line":296,"column":33},"end":{"line":296,"column":98}},"104":{"start":{"line":297,"column":20},"end":{"line":297,"column":54}},"105":{"start":{"line":298,"column":18},"end":{"line":298,"column":36}},"106":{"start":{"line":299,"column":20},"end":{"line":299,"column":54}},"107":{"start":{"line":300,"column":27},"end":{"line":300,"column":36}},"108":{"start":{"line":301,"column":8},"end":{"line":301,"column":22}},"109":{"start":{"line":302,"column":29},"end":{"line":302,"column":48}},"110":{"start":{"line":303,"column":16},"end":{"line":303,"column":17}},"111":{"start":{"line":304,"column":8},"end":{"line":326,"column":9}},"112":{"start":{"line":305,"column":12},"end":{"line":324,"column":13}},"113":{"start":{"line":307,"column":17},"end":{"line":324,"column":13}},"114":{"start":{"line":308,"column":16},"end":{"line":308,"column":33}},"115":{"start":{"line":309,"column":16},"end":{"line":309,"column":35}},"116":{"start":{"line":310,"column":16},"end":{"line":310,"column":36}},"117":{"start":{"line":313,"column":17},"end":{"line":324,"column":13}},"118":{"start":{"line":314,"column":16},"end":{"line":314,"column":36}},"119":{"start":{"line":315,"column":16},"end":{"line":315,"column":34}},"120":{"start":{"line":317,"column":17},"end":{"line":324,"column":13}},"121":{"start":{"line":318,"column":16},"end":{"line":318,"column":36}},"122":{"start":{"line":319,"column":16},"end":{"line":319,"column":34}},"123":{"start":{"line":320,"column":16},"end":{"line":320,"column":36}},"124":{"start":{"line":323,"column":16},"end":{"line":323,"column":106}},"125":{"start":{"line":325,"column":12},"end":{"line":325,"column":19}},"126":{"start":{"line":327,"column":26},"end":{"line":327,"column":85}},"127":{"start":{"line":328,"column":21},"end":{"line":328,"column":64}},"128":{"start":{"line":329,"column":23},"end":{"line":329,"column":62}},"129":{"start":{"line":329,"column":43},"end":{"line":329,"column":61}},"130":{"start":{"line":330,"column":23},"end":{"line":330,"column":62}},"131":{"start":{"line":330,"column":43},"end":{"line":330,"column":61}},"132":{"start":{"line":331,"column":8},"end":{"line":331,"column":83}},"133":{"start":{"line":331,"column":54},"end":{"line":331,"column":78}},"134":{"start":{"line":332,"column":21},"end":{"line":332,"column":51}},"135":{"start":{"line":332,"column":31},"end":{"line":332,"column":51}},"136":{"start":{"line":333,"column":27},"end":{"line":333,"column":46}},"137":{"start":{"line":334,"column":28},"end":{"line":334,"column":53}},"138":{"start":{"line":335,"column":21},"end":{"line":335,"column":154}},"139":{"start":{"line":336,"column":8},"end":{"line":336,"column":20}},"140":{"start":{"line":344,"column":8},"end":{"line":346,"column":9}},"141":{"start":{"line":345,"column":12},"end":{"line":345,"column":53}},"142":{"start":{"line":347,"column":33},"end":{"line":347,"column":98}},"143":{"start":{"line":348,"column":27},"end":{"line":348,"column":69}},"144":{"start":{"line":349,"column":8},"end":{"line":349,"column":37}},"145":{"start":{"line":357,"column":8},"end":{"line":365,"column":9}},"146":{"start":{"line":358,"column":12},"end":{"line":360,"column":13}},"147":{"start":{"line":359,"column":16},"end":{"line":359,"column":68}},"148":{"start":{"line":361,"column":37},"end":{"line":361,"column":102}},"149":{"start":{"line":362,"column":31},"end":{"line":362,"column":73}},"150":{"start":{"line":363,"column":12},"end":{"line":363,"column":43}},"151":{"start":{"line":364,"column":12},"end":{"line":364,"column":19}},"152":{"start":{"line":366,"column":21},"end":{"line":366,"column":43}},"153":{"start":{"line":367,"column":22},"end":{"line":367,"column":58}},"154":{"start":{"line":369,"column":27},"end":{"line":369,"column":67}},"155":{"start":{"line":370,"column":8},"end":{"line":372,"column":9}},"156":{"start":{"line":371,"column":12},"end":{"line":371,"column":102}},"157":{"start":{"line":373,"column":8},"end":{"line":377,"column":9}},"158":{"start":{"line":374,"column":12},"end":{"line":376,"column":13}},"159":{"start":{"line":375,"column":16},"end":{"line":375,"column":106}},"160":{"start":{"line":378,"column":25},"end":{"line":378,"column":111}},"161":{"start":{"line":379,"column":8},"end":{"line":381,"column":9}},"162":{"start":{"line":380,"column":12},"end":{"line":380,"column":55}},"163":{"start":{"line":387,"column":25},"end":{"line":387,"column":47}},"164":{"start":{"line":387,"column":44},"end":{"line":387,"column":46}},"165":{"start":{"line":388,"column":8},"end":{"line":388,"column":97}},"166":{"start":{"line":397,"column":25},"end":{"line":397,"column":41}},"167":{"start":{"line":398,"column":8},"end":{"line":398,"column":97}},"168":{"start":{"line":406,"column":8},"end":{"line":406,"column":38}},"169":{"start":{"line":419,"column":8},"end":{"line":419,"column":57}},"170":{"start":{"line":421,"column":8},"end":{"line":456,"column":9}},"171":{"start":{"line":423,"column":12},"end":{"line":423,"column":59}},"172":{"start":{"line":425,"column":12},"end":{"line":427,"column":13}},"173":{"start":{"line":426,"column":16},"end":{"line":426,"column":42}},"174":{"start":{"line":428,"column":33},"end":{"line":428,"column":34}},"175":{"start":{"line":429,"column":31},"end":{"line":429,"column":32}},"176":{"start":{"line":430,"column":12},"end":{"line":434,"column":13}},"177":{"start":{"line":431,"column":16},"end":{"line":431,"column":99}},"178":{"start":{"line":432,"column":16},"end":{"line":432,"column":46}},"179":{"start":{"line":433,"column":16},"end":{"line":433,"column":34}},"180":{"start":{"line":437,"column":42},"end":{"line":437,"column":68}},"181":{"start":{"line":438,"column":12},"end":{"line":438,"column":58}},"182":{"start":{"line":439,"column":36},"end":{"line":439,"column":53}},"183":{"start":{"line":440,"column":12},"end":{"line":455,"column":13}},"184":{"start":{"line":442,"column":16},"end":{"line":447,"column":17}},"185":{"start":{"line":443,"column":20},"end":{"line":443,"column":61}},"186":{"start":{"line":446,"column":20},"end":{"line":446,"column":51}},"187":{"start":{"line":448,"column":16},"end":{"line":448,"column":52}},"188":{"start":{"line":449,"column":37},"end":{"line":449,"column":42}},"189":{"start":{"line":450,"column":16},"end":{"line":454,"column":17}},"190":{"start":{"line":451,"column":38},"end":{"line":451,"column":65}},"191":{"start":{"line":452,"column":20},"end":{"line":452,"column":104}},"192":{"start":{"line":453,"column":20},"end":{"line":453,"column":47}},"193":{"start":{"line":457,"column":8},"end":{"line":457,"column":25}},"194":{"start":{"line":467,"column":8},"end":{"line":467,"column":57}},"195":{"start":{"line":468,"column":8},"end":{"line":483,"column":9}},"196":{"start":{"line":469,"column":12},"end":{"line":469,"column":32}},"197":{"start":{"line":472,"column":30},"end":{"line":472,"column":87}},"198":{"start":{"line":473,"column":28},"end":{"line":473,"column":60}},"199":{"start":{"line":474,"column":36},"end":{"line":474,"column":53}},"200":{"start":{"line":475,"column":12},"end":{"line":481,"column":13}},"201":{"start":{"line":476,"column":34},"end":{"line":476,"column":36}},"202":{"start":{"line":477,"column":16},"end":{"line":479,"column":17}},"203":{"start":{"line":478,"column":20},"end":{"line":478,"column":81}},"204":{"start":{"line":480,"column":16},"end":{"line":480,"column":59}},"205":{"start":{"line":482,"column":12},"end":{"line":482,"column":29}},"206":{"start":{"line":492,"column":8},"end":{"line":492,"column":57}},"207":{"start":{"line":493,"column":8},"end":{"line":508,"column":9}},"208":{"start":{"line":494,"column":12},"end":{"line":494,"column":39}},"209":{"start":{"line":497,"column":30},"end":{"line":497,"column":87}},"210":{"start":{"line":498,"column":28},"end":{"line":498,"column":60}},"211":{"start":{"line":499,"column":36},"end":{"line":499,"column":53}},"212":{"start":{"line":500,"column":12},"end":{"line":506,"column":13}},"213":{"start":{"line":501,"column":28},"end":{"line":501,"column":48}},"214":{"start":{"line":502,"column":16},"end":{"line":504,"column":17}},"215":{"start":{"line":503,"column":20},"end":{"line":503,"column":81}},"216":{"start":{"line":505,"column":16},"end":{"line":505,"column":50}},"217":{"start":{"line":507,"column":12},"end":{"line":507,"column":29}},"218":{"start":{"line":516,"column":8},"end":{"line":516,"column":40}},"219":{"start":{"line":525,"column":8},"end":{"line":525,"column":92}},"220":{"start":{"line":535,"column":8},"end":{"line":543,"column":9}},"221":{"start":{"line":536,"column":12},"end":{"line":536,"column":112}},"222":{"start":{"line":538,"column":13},"end":{"line":543,"column":9}},"223":{"start":{"line":539,"column":12},"end":{"line":539,"column":103}},"224":{"start":{"line":542,"column":12},"end":{"line":542,"column":28}},"225":{"start":{"line":544,"column":8},"end":{"line":544,"column":23}},"226":{"start":{"line":555,"column":22},"end":{"line":555,"column":53}},"227":{"start":{"line":556,"column":22},"end":{"line":556,"column":53}},"228":{"start":{"line":557,"column":31},"end":{"line":557,"column":111}},"229":{"start":{"line":558,"column":26},"end":{"line":558,"column":81}},"230":{"start":{"line":559,"column":25},"end":{"line":559,"column":75}},"231":{"start":{"line":560,"column":25},"end":{"line":560,"column":126}},"232":{"start":{"line":561,"column":19},"end":{"line":561,"column":21}},"233":{"start":{"line":562,"column":8},"end":{"line":568,"column":10}},"234":{"start":{"line":563,"column":12},"end":{"line":567,"column":13}},"235":{"start":{"line":564,"column":30},"end":{"line":564,"column":51}},"236":{"start":{"line":565,"column":30},"end":{"line":565,"column":51}},"237":{"start":{"line":566,"column":16},"end":{"line":566,"column":44}},"238":{"start":{"line":569,"column":8},"end":{"line":569,"column":49}},"239":{"start":{"line":581,"column":39},"end":{"line":581,"column":73}},"240":{"start":{"line":582,"column":8},"end":{"line":584,"column":9}},"241":{"start":{"line":583,"column":12},"end":{"line":583,"column":30}},"242":{"start":{"line":585,"column":24},"end":{"line":585,"column":56}},"243":{"start":{"line":586,"column":8},"end":{"line":589,"column":9}},"244":{"start":{"line":587,"column":28},"end":{"line":587,"column":43}},"245":{"start":{"line":588,"column":12},"end":{"line":588,"column":43}},"246":{"start":{"line":590,"column":8},"end":{"line":590,"column":25}},"247":{"start":{"line":599,"column":20},"end":{"line":599,"column":54}},"248":{"start":{"line":600,"column":20},"end":{"line":600,"column":39}},"249":{"start":{"line":601,"column":20},"end":{"line":601,"column":54}},"250":{"start":{"line":602,"column":8},"end":{"line":602,"column":22}},"251":{"start":{"line":603,"column":8},"end":{"line":603,"column":24}},"252":{"start":{"line":604,"column":8},"end":{"line":604,"column":37}},"253":{"start":{"line":613,"column":26},"end":{"line":613,"column":83}},"254":{"start":{"line":614,"column":24},"end":{"line":614,"column":61}},"255":{"start":{"line":615,"column":36},"end":{"line":615,"column":62}},"256":{"start":{"line":616,"column":23},"end":{"line":616,"column":88}},"257":{"start":{"line":617,"column":23},"end":{"line":617,"column":74}},"258":{"start":{"line":618,"column":8},"end":{"line":618,"column":62}},"259":{"start":{"line":631,"column":8},"end":{"line":633,"column":9}},"260":{"start":{"line":632,"column":12},"end":{"line":632,"column":40}},"261":{"start":{"line":634,"column":8},"end":{"line":637,"column":9}},"262":{"start":{"line":635,"column":12},"end":{"line":635,"column":59}},"263":{"start":{"line":636,"column":12},"end":{"line":636,"column":26}},"264":{"start":{"line":638,"column":8},"end":{"line":641,"column":9}},"265":{"start":{"line":639,"column":12},"end":{"line":639,"column":42}},"266":{"start":{"line":640,"column":12},"end":{"line":640,"column":66}},"267":{"start":{"line":642,"column":19},"end":{"line":642,"column":21}},"268":{"start":{"line":643,"column":32},"end":{"line":643,"column":60}},"269":{"start":{"line":643,"column":54},"end":{"line":643,"column":59}},"270":{"start":{"line":644,"column":22},"end":{"line":644,"column":62}},"271":{"start":{"line":645,"column":21},"end":{"line":645,"column":56}},"272":{"start":{"line":646,"column":20},"end":{"line":646,"column":61}},"273":{"start":{"line":647,"column":29},"end":{"line":647,"column":53}},"274":{"start":{"line":648,"column":31},"end":{"line":648,"column":141}},"275":{"start":{"line":649,"column":8},"end":{"line":657,"column":10}},"276":{"start":{"line":650,"column":12},"end":{"line":656,"column":13}},"277":{"start":{"line":651,"column":36},"end":{"line":651,"column":91}},"278":{"start":{"line":652,"column":16},"end":{"line":655,"column":17}},"279":{"start":{"line":653,"column":20},"end":{"line":653,"column":40}},"280":{"start":{"line":654,"column":20},"end":{"line":654,"column":42}},"281":{"start":{"line":658,"column":8},"end":{"line":658,"column":20}},"282":{"start":{"line":665,"column":8},"end":{"line":665,"column":75}},"283":{"start":{"line":673,"column":8},"end":{"line":675,"column":9}},"284":{"start":{"line":674,"column":12},"end":{"line":674,"column":40}},"285":{"start":{"line":676,"column":8},"end":{"line":679,"column":9}},"286":{"start":{"line":677,"column":12},"end":{"line":677,"column":59}},"287":{"start":{"line":678,"column":12},"end":{"line":678,"column":26}},"288":{"start":{"line":680,"column":8},"end":{"line":683,"column":9}},"289":{"start":{"line":681,"column":12},"end":{"line":681,"column":42}},"290":{"start":{"line":682,"column":12},"end":{"line":682,"column":66}},"291":{"start":{"line":684,"column":31},"end":{"line":684,"column":102}},"292":{"start":{"line":685,"column":19},"end":{"line":685,"column":21}},"293":{"start":{"line":687,"column":21},"end":{"line":687,"column":25}},"294":{"start":{"line":688,"column":8},"end":{"line":692,"column":10}},"295":{"start":{"line":689,"column":12},"end":{"line":691,"column":13}},"296":{"start":{"line":690,"column":16},"end":{"line":690,"column":39}},"297":{"start":{"line":693,"column":8},"end":{"line":693,"column":20}},"298":{"start":{"line":703,"column":28},"end":{"line":703,"column":68}},"299":{"start":{"line":704,"column":21},"end":{"line":704,"column":66}},"300":{"start":{"line":705,"column":27},"end":{"line":705,"column":57}},"301":{"start":{"line":706,"column":31},"end":{"line":706,"column":78}},"302":{"start":{"line":707,"column":24},"end":{"line":707,"column":51}},"303":{"start":{"line":708,"column":19},"end":{"line":708,"column":39}},"304":{"start":{"line":709,"column":23},"end":{"line":709,"column":73}},"305":{"start":{"line":710,"column":31},"end":{"line":710,"column":32}},"306":{"start":{"line":711,"column":16},"end":{"line":711,"column":17}},"307":{"start":{"line":712,"column":8},"end":{"line":716,"column":9}},"308":{"start":{"line":713,"column":31},"end":{"line":713,"column":95}},"309":{"start":{"line":714,"column":22},"end":{"line":714,"column":36}},"310":{"start":{"line":715,"column":12},"end":{"line":715,"column":41}},"311":{"start":{"line":717,"column":8},"end":{"line":719,"column":9}},"312":{"start":{"line":718,"column":12},"end":{"line":718,"column":131}},"313":{"start":{"line":720,"column":8},"end":{"line":720,"column":89}},"314":{"start":{"line":730,"column":28},"end":{"line":730,"column":68}},"315":{"start":{"line":731,"column":21},"end":{"line":731,"column":66}},"316":{"start":{"line":732,"column":27},"end":{"line":732,"column":57}},"317":{"start":{"line":733,"column":21},"end":{"line":733,"column":53}},"318":{"start":{"line":734,"column":8},"end":{"line":734,"column":89}},"319":{"start":{"line":747,"column":8},"end":{"line":749,"column":9}},"320":{"start":{"line":748,"column":12},"end":{"line":748,"column":51}},"321":{"start":{"line":750,"column":8},"end":{"line":752,"column":9}},"322":{"start":{"line":751,"column":12},"end":{"line":751,"column":34}},"323":{"start":{"line":753,"column":8},"end":{"line":772,"column":9}},"324":{"start":{"line":754,"column":12},"end":{"line":754,"column":32}},"325":{"start":{"line":755,"column":12},"end":{"line":755,"column":59}},"326":{"start":{"line":758,"column":12},"end":{"line":760,"column":13}},"327":{"start":{"line":759,"column":16},"end":{"line":759,"column":43}},"328":{"start":{"line":761,"column":12},"end":{"line":766,"column":13}},"329":{"start":{"line":762,"column":16},"end":{"line":762,"column":61}},"330":{"start":{"line":765,"column":16},"end":{"line":765,"column":71}},"331":{"start":{"line":768,"column":12},"end":{"line":768,"column":65}},"332":{"start":{"line":769,"column":12},"end":{"line":771,"column":13}},"333":{"start":{"line":770,"column":16},"end":{"line":770,"column":55}},"334":{"start":{"line":773,"column":23},"end":{"line":773,"column":73}},"335":{"start":{"line":774,"column":23},"end":{"line":774,"column":58}},"336":{"start":{"line":775,"column":24},"end":{"line":775,"column":38}},"337":{"start":{"line":776,"column":8},"end":{"line":776,"column":85}},"338":{"start":{"line":786,"column":28},"end":{"line":786,"column":68}},"339":{"start":{"line":787,"column":21},"end":{"line":787,"column":66}},"340":{"start":{"line":788,"column":27},"end":{"line":788,"column":57}},"341":{"start":{"line":789,"column":21},"end":{"line":789,"column":41}},"342":{"start":{"line":790,"column":8},"end":{"line":790,"column":89}},"343":{"start":{"line":799,"column":22},"end":{"line":799,"column":53}},"344":{"start":{"line":800,"column":22},"end":{"line":800,"column":53}},"345":{"start":{"line":801,"column":24},"end":{"line":801,"column":37}},"346":{"start":{"line":802,"column":24},"end":{"line":802,"column":37}},"347":{"start":{"line":804,"column":8},"end":{"line":806,"column":9}},"348":{"start":{"line":805,"column":12},"end":{"line":805,"column":107}},"349":{"start":{"line":807,"column":26},"end":{"line":807,"column":132}},"350":{"start":{"line":808,"column":31},"end":{"line":811,"column":10}},"351":{"start":{"line":812,"column":8},"end":{"line":830,"column":9}},"352":{"start":{"line":813,"column":12},"end":{"line":813,"column":56}},"353":{"start":{"line":816,"column":30},"end":{"line":816,"column":85}},"354":{"start":{"line":817,"column":24},"end":{"line":817,"column":65}},"355":{"start":{"line":818,"column":31},"end":{"line":818,"column":94}},"356":{"start":{"line":819,"column":27},"end":{"line":819,"column":83}},"357":{"start":{"line":820,"column":27},"end":{"line":820,"column":83}},"358":{"start":{"line":821,"column":25},"end":{"line":821,"column":78}},"359":{"start":{"line":822,"column":12},"end":{"line":828,"column":13}},"360":{"start":{"line":823,"column":30},"end":{"line":823,"column":71}},"361":{"start":{"line":824,"column":27},"end":{"line":824,"column":52}},"362":{"start":{"line":825,"column":27},"end":{"line":825,"column":52}},"363":{"start":{"line":826,"column":33},"end":{"line":826,"column":59}},"364":{"start":{"line":827,"column":16},"end":{"line":827,"column":44}},"365":{"start":{"line":829,"column":12},"end":{"line":829,"column":25}},"366":{"start":{"line":840,"column":26},"end":{"line":840,"column":67}},"367":{"start":{"line":841,"column":19},"end":{"line":853,"column":9}},"368":{"start":{"line":843,"column":16},"end":{"line":851,"column":17}},"369":{"start":{"line":844,"column":20},"end":{"line":850,"column":21}},"370":{"start":{"line":845,"column":38},"end":{"line":845,"column":48}},"371":{"start":{"line":846,"column":38},"end":{"line":846,"column":54}},"372":{"start":{"line":847,"column":32},"end":{"line":847,"column":58}},"373":{"start":{"line":848,"column":24},"end":{"line":848,"column":33}},"374":{"start":{"line":849,"column":24},"end":{"line":849,"column":32}},"375":{"start":{"line":854,"column":8},"end":{"line":854,"column":55}},"376":{"start":{"line":865,"column":18},"end":{"line":865,"column":19}},"377":{"start":{"line":866,"column":21},"end":{"line":866,"column":40}},"378":{"start":{"line":867,"column":21},"end":{"line":867,"column":40}},"379":{"start":{"line":868,"column":8},"end":{"line":870,"column":9}},"380":{"start":{"line":869,"column":12},"end":{"line":869,"column":33}},"381":{"start":{"line":871,"column":8},"end":{"line":871,"column":19}},"382":{"start":{"line":882,"column":8},"end":{"line":882,"column":74}},"383":{"start":{"line":882,"column":58},"end":{"line":882,"column":72}},"384":{"start":{"line":893,"column":8},"end":{"line":893,"column":74}},"385":{"start":{"line":893,"column":58},"end":{"line":893,"column":72}},"386":{"start":{"line":904,"column":8},"end":{"line":904,"column":65}},"387":{"start":{"line":904,"column":58},"end":{"line":904,"column":63}},"388":{"start":{"line":914,"column":8},"end":{"line":914,"column":65}},"389":{"start":{"line":914,"column":58},"end":{"line":914,"column":63}},"390":{"start":{"line":924,"column":8},"end":{"line":924,"column":65}},"391":{"start":{"line":924,"column":58},"end":{"line":924,"column":63}},"392":{"start":{"line":934,"column":8},"end":{"line":934,"column":76}},"393":{"start":{"line":934,"column":58},"end":{"line":934,"column":63}},"394":{"start":{"line":944,"column":8},"end":{"line":944,"column":85}},"395":{"start":{"line":944,"column":58},"end":{"line":944,"column":72}},"396":{"start":{"line":953,"column":8},"end":{"line":953,"column":76}},"397":{"start":{"line":953,"column":58},"end":{"line":953,"column":74}},"398":{"start":{"line":962,"column":8},"end":{"line":962,"column":77}},"399":{"start":{"line":962,"column":58},"end":{"line":962,"column":75}},"400":{"start":{"line":971,"column":8},"end":{"line":971,"column":65}},"401":{"start":{"line":971,"column":58},"end":{"line":971,"column":63}},"402":{"start":{"line":979,"column":8},"end":{"line":979,"column":77}},"403":{"start":{"line":979,"column":58},"end":{"line":979,"column":66}},"404":{"start":{"line":987,"column":8},"end":{"line":987,"column":77}},"405":{"start":{"line":987,"column":58},"end":{"line":987,"column":66}},"406":{"start":{"line":995,"column":8},"end":{"line":995,"column":78}},"407":{"start":{"line":995,"column":58},"end":{"line":995,"column":67}},"408":{"start":{"line":1003,"column":8},"end":{"line":1003,"column":78}},"409":{"start":{"line":1003,"column":58},"end":{"line":1003,"column":67}},"410":{"start":{"line":1011,"column":8},"end":{"line":1011,"column":79}},"411":{"start":{"line":1011,"column":58},"end":{"line":1011,"column":68}},"412":{"start":{"line":1019,"column":8},"end":{"line":1019,"column":79}},"413":{"start":{"line":1019,"column":58},"end":{"line":1019,"column":68}},"414":{"start":{"line":1028,"column":8},"end":{"line":1035,"column":52}},"415":{"start":{"line":1045,"column":8},"end":{"line":1047,"column":9}},"416":{"start":{"line":1046,"column":12},"end":{"line":1046,"column":33}},"417":{"start":{"line":1048,"column":8},"end":{"line":1050,"column":9}},"418":{"start":{"line":1049,"column":12},"end":{"line":1049,"column":33}},"419":{"start":{"line":1051,"column":8},"end":{"line":1052,"column":70}},"420":{"start":{"line":1052,"column":40},"end":{"line":1052,"column":60}},"421":{"start":{"line":1060,"column":8},"end":{"line":1060,"column":140}},"422":{"start":{"line":1063,"column":0},"end":{"line":1063,"column":28}}},"fnMap":{"0":{"name":"(anonymous_0)","decl":{"start":{"line":6,"column":1},"end":{"line":6,"column":2}},"loc":{"start":{"line":6,"column":19},"end":{"line":43,"column":1}},"line":6},"1":{"name":"(anonymous_1)","decl":{"start":{"line":8,"column":8},"end":{"line":8,"column":9}},"loc":{"start":{"line":8,"column":22},"end":{"line":10,"column":9}},"line":8},"2":{"name":"(anonymous_2)","decl":{"start":{"line":14,"column":8},"end":{"line":14,"column":9}},"loc":{"start":{"line":14,"column":22},"end":{"line":16,"column":9}},"line":14},"3":{"name":"(anonymous_3)","decl":{"start":{"line":20,"column":8},"end":{"line":20,"column":9}},"loc":{"start":{"line":20,"column":22},"end":{"line":22,"column":9}},"line":20},"4":{"name":"(anonymous_4)","decl":{"start":{"line":59,"column":4},"end":{"line":59,"column":5}},"loc":{"start":{"line":59,"column":92},"end":{"line":81,"column":5}},"line":59},"5":{"name":"(anonymous_5)","decl":{"start":{"line":82,"column":4},"end":{"line":82,"column":5}},"loc":{"start":{"line":82,"column":10},"end":{"line":83,"column":5}},"line":82},"6":{"name":"(anonymous_6)","decl":{"start":{"line":84,"column":4},"end":{"line":84,"column":5}},"loc":{"start":{"line":84,"column":10},"end":{"line":84,"column":13}},"line":84},"7":{"name":"(anonymous_7)","decl":{"start":{"line":85,"column":4},"end":{"line":85,"column":5}},"loc":{"start":{"line":85,"column":10},"end":{"line":85,"column":13}},"line":85},"8":{"name":"(anonymous_8)","decl":{"start":{"line":86,"column":4},"end":{"line":86,"column":5}},"loc":{"start":{"line":86,"column":13},"end":{"line":86,"column":16}},"line":86},"9":{"name":"(anonymous_9)","decl":{"start":{"line":87,"column":4},"end":{"line":87,"column":5}},"loc":{"start":{"line":87,"column":13},"end":{"line":87,"column":16}},"line":87},"10":{"name":"(anonymous_10)","decl":{"start":{"line":88,"column":4},"end":{"line":88,"column":5}},"loc":{"start":{"line":88,"column":19},"end":{"line":88,"column":22}},"line":88},"11":{"name":"(anonymous_11)","decl":{"start":{"line":89,"column":4},"end":{"line":89,"column":5}},"loc":{"start":{"line":89,"column":14},"end":{"line":89,"column":17}},"line":89},"12":{"name":"(anonymous_12)","decl":{"start":{"line":90,"column":4},"end":{"line":90,"column":5}},"loc":{"start":{"line":90,"column":19},"end":{"line":90,"column":22}},"line":90},"13":{"name":"(anonymous_13)","decl":{"start":{"line":91,"column":4},"end":{"line":91,"column":5}},"loc":{"start":{"line":91,"column":23},"end":{"line":103,"column":5}},"line":91},"14":{"name":"(anonymous_14)","decl":{"start":{"line":92,"column":24},"end":{"line":92,"column":25}},"loc":{"start":{"line":92,"column":29},"end":{"line":102,"column":9}},"line":92},"15":{"name":"(anonymous_15)","decl":{"start":{"line":110,"column":4},"end":{"line":110,"column":5}},"loc":{"start":{"line":110,"column":25},"end":{"line":112,"column":5}},"line":110},"16":{"name":"(anonymous_16)","decl":{"start":{"line":111,"column":30},"end":{"line":111,"column":31}},"loc":{"start":{"line":111,"column":42},"end":{"line":111,"column":49}},"line":111},"17":{"name":"(anonymous_17)","decl":{"start":{"line":118,"column":4},"end":{"line":118,"column":5}},"loc":{"start":{"line":118,"column":24},"end":{"line":120,"column":5}},"line":118},"18":{"name":"(anonymous_18)","decl":{"start":{"line":119,"column":30},"end":{"line":119,"column":31}},"loc":{"start":{"line":119,"column":42},"end":{"line":119,"column":49}},"line":119},"19":{"name":"(anonymous_19)","decl":{"start":{"line":121,"column":4},"end":{"line":121,"column":5}},"loc":{"start":{"line":121,"column":15},"end":{"line":121,"column":18}},"line":121},"20":{"name":"(anonymous_20)","decl":{"start":{"line":122,"column":4},"end":{"line":122,"column":5}},"loc":{"start":{"line":122,"column":10},"end":{"line":122,"column":13}},"line":122},"21":{"name":"(anonymous_21)","decl":{"start":{"line":128,"column":4},"end":{"line":128,"column":5}},"loc":{"start":{"line":128,"column":16},"end":{"line":133,"column":5}},"line":128},"22":{"name":"(anonymous_22)","decl":{"start":{"line":134,"column":4},"end":{"line":134,"column":5}},"loc":{"start":{"line":134,"column":14},"end":{"line":134,"column":17}},"line":134},"23":{"name":"(anonymous_23)","decl":{"start":{"line":140,"column":4},"end":{"line":140,"column":5}},"loc":{"start":{"line":140,"column":14},"end":{"line":142,"column":5}},"line":140},"24":{"name":"(anonymous_24)","decl":{"start":{"line":141,"column":34},"end":{"line":141,"column":35}},"loc":{"start":{"line":141,"column":39},"end":{"line":141,"column":53}},"line":141},"25":{"name":"(anonymous_25)","decl":{"start":{"line":147,"column":4},"end":{"line":147,"column":5}},"loc":{"start":{"line":147,"column":15},"end":{"line":154,"column":5}},"line":147},"26":{"name":"(anonymous_26)","decl":{"start":{"line":160,"column":4},"end":{"line":160,"column":5}},"loc":{"start":{"line":160,"column":14},"end":{"line":162,"column":5}},"line":160},"27":{"name":"(anonymous_27)","decl":{"start":{"line":161,"column":34},"end":{"line":161,"column":35}},"loc":{"start":{"line":161,"column":39},"end":{"line":161,"column":53}},"line":161},"28":{"name":"(anonymous_28)","decl":{"start":{"line":166,"column":4},"end":{"line":166,"column":5}},"loc":{"start":{"line":166,"column":14},"end":{"line":175,"column":5}},"line":166},"29":{"name":"(anonymous_29)","decl":{"start":{"line":176,"column":4},"end":{"line":176,"column":5}},"loc":{"start":{"line":176,"column":16},"end":{"line":176,"column":19}},"line":176},"30":{"name":"(anonymous_30)","decl":{"start":{"line":181,"column":4},"end":{"line":181,"column":5}},"loc":{"start":{"line":181,"column":15},"end":{"line":183,"column":5}},"line":181},"31":{"name":"(anonymous_31)","decl":{"start":{"line":182,"column":24},"end":{"line":182,"column":25}},"loc":{"start":{"line":182,"column":29},"end":{"line":182,"column":45}},"line":182},"32":{"name":"(anonymous_32)","decl":{"start":{"line":184,"column":4},"end":{"line":184,"column":5}},"loc":{"start":{"line":184,"column":11},"end":{"line":184,"column":14}},"line":184},"33":{"name":"(anonymous_33)","decl":{"start":{"line":190,"column":4},"end":{"line":190,"column":5}},"loc":{"start":{"line":190,"column":26},"end":{"line":210,"column":5}},"line":190},"34":{"name":"(anonymous_34)","decl":{"start":{"line":211,"column":4},"end":{"line":211,"column":5}},"loc":{"start":{"line":211,"column":12},"end":{"line":211,"column":15}},"line":211},"35":{"name":"(anonymous_35)","decl":{"start":{"line":212,"column":4},"end":{"line":212,"column":5}},"loc":{"start":{"line":212,"column":11},"end":{"line":212,"column":14}},"line":212},"36":{"name":"(anonymous_36)","decl":{"start":{"line":213,"column":4},"end":{"line":213,"column":5}},"loc":{"start":{"line":213,"column":14},"end":{"line":213,"column":17}},"line":213},"37":{"name":"(anonymous_37)","decl":{"start":{"line":219,"column":4},"end":{"line":219,"column":5}},"loc":{"start":{"line":219,"column":16},"end":{"line":232,"column":5}},"line":219},"38":{"name":"(anonymous_38)","decl":{"start":{"line":238,"column":4},"end":{"line":238,"column":5}},"loc":{"start":{"line":238,"column":19},"end":{"line":247,"column":5}},"line":238},"39":{"name":"(anonymous_39)","decl":{"start":{"line":253,"column":4},"end":{"line":253,"column":5}},"loc":{"start":{"line":253,"column":14},"end":{"line":255,"column":5}},"line":253},"40":{"name":"(anonymous_40)","decl":{"start":{"line":254,"column":27},"end":{"line":254,"column":28}},"loc":{"start":{"line":254,"column":37},"end":{"line":254,"column":42}},"line":254},"41":{"name":"(anonymous_41)","decl":{"start":{"line":256,"column":4},"end":{"line":256,"column":5}},"loc":{"start":{"line":256,"column":12},"end":{"line":256,"column":15}},"line":256},"42":{"name":"(anonymous_42)","decl":{"start":{"line":261,"column":4},"end":{"line":261,"column":5}},"loc":{"start":{"line":261,"column":27},"end":{"line":279,"column":5}},"line":261},"43":{"name":"(anonymous_43)","decl":{"start":{"line":266,"column":27},"end":{"line":266,"column":28}},"loc":{"start":{"line":266,"column":37},"end":{"line":272,"column":9}},"line":266},"44":{"name":"(anonymous_44)","decl":{"start":{"line":284,"column":4},"end":{"line":284,"column":5}},"loc":{"start":{"line":284,"column":24},"end":{"line":285,"column":5}},"line":284},"45":{"name":"(anonymous_45)","decl":{"start":{"line":290,"column":4},"end":{"line":290,"column":5}},"loc":{"start":{"line":290,"column":22},"end":{"line":337,"column":5}},"line":290},"46":{"name":"(anonymous_46)","decl":{"start":{"line":329,"column":33},"end":{"line":329,"column":34}},"loc":{"start":{"line":329,"column":43},"end":{"line":329,"column":61}},"line":329},"47":{"name":"(anonymous_47)","decl":{"start":{"line":330,"column":33},"end":{"line":330,"column":34}},"loc":{"start":{"line":330,"column":43},"end":{"line":330,"column":61}},"line":330},"48":{"name":"(anonymous_48)","decl":{"start":{"line":331,"column":39},"end":{"line":331,"column":40}},"loc":{"start":{"line":331,"column":54},"end":{"line":331,"column":78}},"line":331},"49":{"name":"(anonymous_49)","decl":{"start":{"line":332,"column":21},"end":{"line":332,"column":22}},"loc":{"start":{"line":332,"column":31},"end":{"line":332,"column":51}},"line":332},"50":{"name":"(anonymous_50)","decl":{"start":{"line":343,"column":4},"end":{"line":343,"column":5}},"loc":{"start":{"line":343,"column":18},"end":{"line":350,"column":5}},"line":343},"51":{"name":"(anonymous_51)","decl":{"start":{"line":356,"column":4},"end":{"line":356,"column":5}},"loc":{"start":{"line":356,"column":26},"end":{"line":382,"column":5}},"line":356},"52":{"name":"(anonymous_52)","decl":{"start":{"line":386,"column":4},"end":{"line":386,"column":5}},"loc":{"start":{"line":386,"column":10},"end":{"line":389,"column":5}},"line":386},"53":{"name":"(anonymous_53)","decl":{"start":{"line":387,"column":39},"end":{"line":387,"column":40}},"loc":{"start":{"line":387,"column":44},"end":{"line":387,"column":46}},"line":387},"54":{"name":"(anonymous_54)","decl":{"start":{"line":396,"column":4},"end":{"line":396,"column":5}},"loc":{"start":{"line":396,"column":17},"end":{"line":399,"column":5}},"line":396},"55":{"name":"(anonymous_55)","decl":{"start":{"line":405,"column":4},"end":{"line":405,"column":5}},"loc":{"start":{"line":405,"column":11},"end":{"line":407,"column":5}},"line":405},"56":{"name":"(anonymous_56)","decl":{"start":{"line":418,"column":4},"end":{"line":418,"column":5}},"loc":{"start":{"line":418,"column":37},"end":{"line":458,"column":5}},"line":418},"57":{"name":"(anonymous_57)","decl":{"start":{"line":466,"column":4},"end":{"line":466,"column":5}},"loc":{"start":{"line":466,"column":34},"end":{"line":484,"column":5}},"line":466},"58":{"name":"(anonymous_58)","decl":{"start":{"line":491,"column":4},"end":{"line":491,"column":5}},"loc":{"start":{"line":491,"column":27},"end":{"line":509,"column":5}},"line":491},"59":{"name":"(anonymous_59)","decl":{"start":{"line":515,"column":4},"end":{"line":515,"column":5}},"loc":{"start":{"line":515,"column":14},"end":{"line":517,"column":5}},"line":515},"60":{"name":"(anonymous_60)","decl":{"start":{"line":524,"column":4},"end":{"line":524,"column":5}},"loc":{"start":{"line":524,"column":33},"end":{"line":526,"column":5}},"line":524},"61":{"name":"(anonymous_61)","decl":{"start":{"line":533,"column":4},"end":{"line":533,"column":5}},"loc":{"start":{"line":533,"column":38},"end":{"line":545,"column":5}},"line":533},"62":{"name":"(anonymous_62)","decl":{"start":{"line":554,"column":4},"end":{"line":554,"column":5}},"loc":{"start":{"line":554,"column":37},"end":{"line":570,"column":5}},"line":554},"63":{"name":"(anonymous_63)","decl":{"start":{"line":562,"column":32},"end":{"line":562,"column":33}},"loc":{"start":{"line":562,"column":45},"end":{"line":568,"column":9}},"line":562},"64":{"name":"(anonymous_64)","decl":{"start":{"line":580,"column":4},"end":{"line":580,"column":5}},"loc":{"start":{"line":580,"column":45},"end":{"line":591,"column":5}},"line":580},"65":{"name":"(anonymous_65)","decl":{"start":{"line":598,"column":4},"end":{"line":598,"column":5}},"loc":{"start":{"line":598,"column":26},"end":{"line":605,"column":5}},"line":598},"66":{"name":"(anonymous_66)","decl":{"start":{"line":612,"column":4},"end":{"line":612,"column":5}},"loc":{"start":{"line":612,"column":41},"end":{"line":619,"column":5}},"line":612},"67":{"name":"(anonymous_67)","decl":{"start":{"line":630,"column":4},"end":{"line":630,"column":5}},"loc":{"start":{"line":630,"column":62},"end":{"line":659,"column":5}},"line":630},"68":{"name":"(anonymous_68)","decl":{"start":{"line":643,"column":49},"end":{"line":643,"column":50}},"loc":{"start":{"line":643,"column":54},"end":{"line":643,"column":59}},"line":643},"69":{"name":"(anonymous_69)","decl":{"start":{"line":649,"column":32},"end":{"line":649,"column":33}},"loc":{"start":{"line":649,"column":45},"end":{"line":657,"column":9}},"line":649},"70":{"name":"(anonymous_70)","decl":{"start":{"line":664,"column":4},"end":{"line":664,"column":5}},"loc":{"start":{"line":664,"column":22},"end":{"line":666,"column":5}},"line":664},"71":{"name":"(anonymous_71)","decl":{"start":{"line":672,"column":4},"end":{"line":672,"column":5}},"loc":{"start":{"line":672,"column":57},"end":{"line":694,"column":5}},"line":672},"72":{"name":"(anonymous_72)","decl":{"start":{"line":688,"column":32},"end":{"line":688,"column":33}},"loc":{"start":{"line":688,"column":45},"end":{"line":692,"column":9}},"line":688},"73":{"name":"(anonymous_73)","decl":{"start":{"line":702,"column":4},"end":{"line":702,"column":5}},"loc":{"start":{"line":702,"column":49},"end":{"line":721,"column":5}},"line":702},"74":{"name":"(anonymous_74)","decl":{"start":{"line":729,"column":4},"end":{"line":729,"column":5}},"loc":{"start":{"line":729,"column":39},"end":{"line":735,"column":5}},"line":729},"75":{"name":"(anonymous_75)","decl":{"start":{"line":743,"column":4},"end":{"line":743,"column":5}},"loc":{"start":{"line":743,"column":39},"end":{"line":777,"column":5}},"line":743},"76":{"name":"(anonymous_76)","decl":{"start":{"line":785,"column":4},"end":{"line":785,"column":5}},"loc":{"start":{"line":785,"column":31},"end":{"line":791,"column":5}},"line":785},"77":{"name":"(anonymous_77)","decl":{"start":{"line":798,"column":4},"end":{"line":798,"column":5}},"loc":{"start":{"line":798,"column":34},"end":{"line":831,"column":5}},"line":798},"78":{"name":"(anonymous_78)","decl":{"start":{"line":839,"column":4},"end":{"line":839,"column":5}},"loc":{"start":{"line":839,"column":27},"end":{"line":855,"column":5}},"line":839},"79":{"name":"(anonymous_79)","decl":{"start":{"line":842,"column":31},"end":{"line":842,"column":32}},"loc":{"start":{"line":842,"column":44},"end":{"line":852,"column":13}},"line":842},"80":{"name":"(anonymous_80)","decl":{"start":{"line":864,"column":4},"end":{"line":864,"column":5}},"loc":{"start":{"line":864,"column":21},"end":{"line":872,"column":5}},"line":864},"81":{"name":"(anonymous_81)","decl":{"start":{"line":881,"column":4},"end":{"line":881,"column":5}},"loc":{"start":{"line":881,"column":26},"end":{"line":883,"column":5}},"line":881},"82":{"name":"(anonymous_82)","decl":{"start":{"line":882,"column":48},"end":{"line":882,"column":49}},"loc":{"start":{"line":882,"column":58},"end":{"line":882,"column":72}},"line":882},"83":{"name":"(anonymous_83)","decl":{"start":{"line":892,"column":4},"end":{"line":892,"column":5}},"loc":{"start":{"line":892,"column":26},"end":{"line":894,"column":5}},"line":892},"84":{"name":"(anonymous_84)","decl":{"start":{"line":893,"column":48},"end":{"line":893,"column":49}},"loc":{"start":{"line":893,"column":58},"end":{"line":893,"column":72}},"line":893},"85":{"name":"(anonymous_85)","decl":{"start":{"line":903,"column":4},"end":{"line":903,"column":5}},"loc":{"start":{"line":903,"column":22},"end":{"line":905,"column":5}},"line":903},"86":{"name":"(anonymous_86)","decl":{"start":{"line":904,"column":48},"end":{"line":904,"column":49}},"loc":{"start":{"line":904,"column":58},"end":{"line":904,"column":63}},"line":904},"87":{"name":"(anonymous_87)","decl":{"start":{"line":913,"column":4},"end":{"line":913,"column":5}},"loc":{"start":{"line":913,"column":22},"end":{"line":915,"column":5}},"line":913},"88":{"name":"(anonymous_88)","decl":{"start":{"line":914,"column":48},"end":{"line":914,"column":49}},"loc":{"start":{"line":914,"column":58},"end":{"line":914,"column":63}},"line":914},"89":{"name":"(anonymous_89)","decl":{"start":{"line":923,"column":4},"end":{"line":923,"column":5}},"loc":{"start":{"line":923,"column":23},"end":{"line":925,"column":5}},"line":923},"90":{"name":"(anonymous_90)","decl":{"start":{"line":924,"column":48},"end":{"line":924,"column":49}},"loc":{"start":{"line":924,"column":58},"end":{"line":924,"column":63}},"line":924},"91":{"name":"(anonymous_91)","decl":{"start":{"line":933,"column":4},"end":{"line":933,"column":5}},"loc":{"start":{"line":933,"column":22},"end":{"line":935,"column":5}},"line":933},"92":{"name":"(anonymous_92)","decl":{"start":{"line":934,"column":48},"end":{"line":934,"column":49}},"loc":{"start":{"line":934,"column":58},"end":{"line":934,"column":63}},"line":934},"93":{"name":"(anonymous_93)","decl":{"start":{"line":943,"column":4},"end":{"line":943,"column":5}},"loc":{"start":{"line":943,"column":24},"end":{"line":945,"column":5}},"line":943},"94":{"name":"(anonymous_94)","decl":{"start":{"line":944,"column":48},"end":{"line":944,"column":49}},"loc":{"start":{"line":944,"column":58},"end":{"line":944,"column":72}},"line":944},"95":{"name":"(anonymous_95)","decl":{"start":{"line":952,"column":4},"end":{"line":952,"column":5}},"loc":{"start":{"line":952,"column":23},"end":{"line":954,"column":5}},"line":952},"96":{"name":"(anonymous_96)","decl":{"start":{"line":953,"column":48},"end":{"line":953,"column":49}},"loc":{"start":{"line":953,"column":58},"end":{"line":953,"column":74}},"line":953},"97":{"name":"(anonymous_97)","decl":{"start":{"line":961,"column":4},"end":{"line":961,"column":5}},"loc":{"start":{"line":961,"column":23},"end":{"line":963,"column":5}},"line":961},"98":{"name":"(anonymous_98)","decl":{"start":{"line":962,"column":48},"end":{"line":962,"column":49}},"loc":{"start":{"line":962,"column":58},"end":{"line":962,"column":75}},"line":962},"99":{"name":"(anonymous_99)","decl":{"start":{"line":970,"column":4},"end":{"line":970,"column":5}},"loc":{"start":{"line":970,"column":22},"end":{"line":972,"column":5}},"line":970},"100":{"name":"(anonymous_100)","decl":{"start":{"line":971,"column":48},"end":{"line":971,"column":49}},"loc":{"start":{"line":971,"column":58},"end":{"line":971,"column":63}},"line":971},"101":{"name":"(anonymous_101)","decl":{"start":{"line":978,"column":4},"end":{"line":978,"column":5}},"loc":{"start":{"line":978,"column":21},"end":{"line":980,"column":5}},"line":978},"102":{"name":"(anonymous_102)","decl":{"start":{"line":979,"column":48},"end":{"line":979,"column":49}},"loc":{"start":{"line":979,"column":58},"end":{"line":979,"column":66}},"line":979},"103":{"name":"(anonymous_103)","decl":{"start":{"line":986,"column":4},"end":{"line":986,"column":5}},"loc":{"start":{"line":986,"column":21},"end":{"line":988,"column":5}},"line":986},"104":{"name":"(anonymous_104)","decl":{"start":{"line":987,"column":48},"end":{"line":987,"column":49}},"loc":{"start":{"line":987,"column":58},"end":{"line":987,"column":66}},"line":987},"105":{"name":"(anonymous_105)","decl":{"start":{"line":994,"column":4},"end":{"line":994,"column":5}},"loc":{"start":{"line":994,"column":21},"end":{"line":996,"column":5}},"line":994},"106":{"name":"(anonymous_106)","decl":{"start":{"line":995,"column":48},"end":{"line":995,"column":49}},"loc":{"start":{"line":995,"column":58},"end":{"line":995,"column":67}},"line":995},"107":{"name":"(anonymous_107)","decl":{"start":{"line":1002,"column":4},"end":{"line":1002,"column":5}},"loc":{"start":{"line":1002,"column":21},"end":{"line":1004,"column":5}},"line":1002},"108":{"name":"(anonymous_108)","decl":{"start":{"line":1003,"column":48},"end":{"line":1003,"column":49}},"loc":{"start":{"line":1003,"column":58},"end":{"line":1003,"column":67}},"line":1003},"109":{"name":"(anonymous_109)","decl":{"start":{"line":1010,"column":4},"end":{"line":1010,"column":5}},"loc":{"start":{"line":1010,"column":21},"end":{"line":1012,"column":5}},"line":1010},"110":{"name":"(anonymous_110)","decl":{"start":{"line":1011,"column":48},"end":{"line":1011,"column":49}},"loc":{"start":{"line":1011,"column":58},"end":{"line":1011,"column":68}},"line":1011},"111":{"name":"(anonymous_111)","decl":{"start":{"line":1018,"column":4},"end":{"line":1018,"column":5}},"loc":{"start":{"line":1018,"column":21},"end":{"line":1020,"column":5}},"line":1018},"112":{"name":"(anonymous_112)","decl":{"start":{"line":1019,"column":48},"end":{"line":1019,"column":49}},"loc":{"start":{"line":1019,"column":58},"end":{"line":1019,"column":68}},"line":1019},"113":{"name":"(anonymous_113)","decl":{"start":{"line":1027,"column":4},"end":{"line":1027,"column":5}},"loc":{"start":{"line":1027,"column":34},"end":{"line":1036,"column":5}},"line":1027},"114":{"name":"(anonymous_114)","decl":{"start":{"line":1044,"column":4},"end":{"line":1044,"column":5}},"loc":{"start":{"line":1044,"column":39},"end":{"line":1053,"column":5}},"line":1044},"115":{"name":"(anonymous_115)","decl":{"start":{"line":1052,"column":27},"end":{"line":1052,"column":28}},"loc":{"start":{"line":1052,"column":40},"e
[...]
,"/home/vincent/projects/tndarray/numts/utils.js": {"path":"/home/vincent/projects/tndarray/numts/utils.js","statementMap":{"0":{"start":{"line":2,"column":0},"end":{"line":2,"column":62}},"1":{"start":{"line":4,"column":0},"end":{"line":206,"column":50}},"2":{"start":{"line":12,"column":8},"end":{"line":12,"column":64}},"3":{"start":{"line":12,"column":42},"end":{"line":12,"column":59}},"4":{"start":{"line":14,"column":4},"end":{"line":14,"column":20}},"5":{"start":{"line":22,"column":8},"end":{"line":27,"column":9}},"6":{"start":{"line":23,"column":12},"end":{"line":23,"column":25}},"7":{"start":{"line":26,"column":12},"end":{"line":26,"column":76}},"8":{"start":{"line":26,"column":46},"end":{"line":26,"column":68}},"9":{"start":{"line":29,"column":4},"end":{"line":29,"column":36}},"10":{"start":{"line":37,"column":8},"end":{"line":37,"column":77}},"11":{"start":{"line":39,"column":4},"end":{"line":39,"column":34}},"12":{"start":{"line":46,"column":8},"end":{"line":46,"column":39}},"13":{"start":{"line":48,"column":4},"end":{"line":48,"column":26}},"14":{"start":{"line":56,"column":8},"end":{"line":64,"column":9}},"15":{"start":{"line":57,"column":12},"end":{"line":57,"column":25}},"16":{"start":{"line":59,"column":13},"end":{"line":64,"column":9}},"17":{"start":{"line":60,"column":12},"end":{"line":60,"column":24}},"18":{"start":{"line":63,"column":12},"end":{"line":63,"column":68}},"19":{"start":{"line":63,"column":42},"end":{"line":63,"column":60}},"20":{"start":{"line":66,"column":4},"end":{"line":66,"column":46}},"21":{"start":{"line":68,"column":24},"end":{"line":68,"column":60}},"22":{"start":{"line":68,"column":39},"end":{"line":68,"column":59}},"23":{"start":{"line":69,"column":19},"end":{"line":69,"column":21}},"24":{"start":{"line":70,"column":8},"end":{"line":85,"column":10}},"25":{"start":{"line":71,"column":27},"end":{"line":71,"column":32}},"26":{"start":{"line":72,"column":12},"end":{"line":84,"column":13}},"27":{"start":{"line":73,"column":30},"end":{"line":73,"column":32}},"28":{"start":{"line":74,"column":16},"end":{"line":80,"column":19}},"29":{"start":{"line":75,"column":42},"end":{"line":75,"column":50}},"30":{"start":{"line":76,"column":20},"end":{"line":78,"column":21}},"31":{"start":{"line":77,"column":24},"end":{"line":77,"column":40}},"32":{"start":{"line":79,"column":20},"end":{"line":79,"column":40}},"33":{"start":{"line":81,"column":16},"end":{"line":83,"column":17}},"34":{"start":{"line":82,"column":20},"end":{"line":82,"column":34}},"35":{"start":{"line":86,"column":8},"end":{"line":86,"column":20}},"36":{"start":{"line":88,"column":4},"end":{"line":88,"column":38}},"37":{"start":{"line":90,"column":24},"end":{"line":90,"column":60}},"38":{"start":{"line":90,"column":39},"end":{"line":90,"column":59}},"39":{"start":{"line":91,"column":19},"end":{"line":112,"column":9}},"40":{"start":{"line":93,"column":38},"end":{"line":93,"column":59}},"41":{"start":{"line":93,"column":53},"end":{"line":93,"column":58}},"42":{"start":{"line":94,"column":31},"end":{"line":94,"column":36}},"43":{"start":{"line":95,"column":16},"end":{"line":110,"column":17}},"44":{"start":{"line":96,"column":34},"end":{"line":96,"column":36}},"45":{"start":{"line":97,"column":20},"end":{"line":105,"column":23}},"46":{"start":{"line":98,"column":46},"end":{"line":98,"column":54}},"47":{"start":{"line":99,"column":24},"end":{"line":103,"column":25}},"48":{"start":{"line":100,"column":28},"end":{"line":100,"column":54}},"49":{"start":{"line":101,"column":28},"end":{"line":101,"column":71}},"50":{"start":{"line":102,"column":28},"end":{"line":102,"column":65}},"51":{"start":{"line":104,"column":24},"end":{"line":104,"column":44}},"52":{"start":{"line":106,"column":20},"end":{"line":106,"column":72}},"53":{"start":{"line":106,"column":64},"end":{"line":106,"column":70}},"54":{"start":{"line":107,"column":20},"end":{"line":109,"column":21}},"55":{"start":{"line":108,"column":24},"end":{"line":108,"column":38}},"56":{"start":{"line":113,"column":8},"end":{"line":113,"column":20}},"57":{"start":{"line":115,"column":4},"end":{"line":115,"column":36}},"58":{"start":{"line":123,"column":8},"end":{"line":123,"column":82}},"59":{"start":{"line":125,"column":4},"end":{"line":125,"column":42}},"60":{"start":{"line":135,"column":8},"end":{"line":135,"column":41}},"61":{"start":{"line":135,"column":31},"end":{"line":135,"column":39}},"62":{"start":{"line":137,"column":4},"end":{"line":137,"column":46}},"63":{"start":{"line":146,"column":8},"end":{"line":176,"column":9}},"64":{"start":{"line":148,"column":16},"end":{"line":148,"column":39}},"65":{"start":{"line":149,"column":16},"end":{"line":149,"column":22}},"66":{"start":{"line":151,"column":16},"end":{"line":151,"column":40}},"67":{"start":{"line":152,"column":16},"end":{"line":152,"column":22}},"68":{"start":{"line":154,"column":16},"end":{"line":154,"column":40}},"69":{"start":{"line":155,"column":16},"end":{"line":155,"column":22}},"70":{"start":{"line":157,"column":16},"end":{"line":157,"column":40}},"71":{"start":{"line":158,"column":16},"end":{"line":158,"column":22}},"72":{"start":{"line":160,"column":16},"end":{"line":160,"column":47}},"73":{"start":{"line":161,"column":16},"end":{"line":161,"column":22}},"74":{"start":{"line":163,"column":16},"end":{"line":163,"column":41}},"75":{"start":{"line":164,"column":16},"end":{"line":164,"column":22}},"76":{"start":{"line":166,"column":16},"end":{"line":166,"column":41}},"77":{"start":{"line":167,"column":16},"end":{"line":167,"column":22}},"78":{"start":{"line":169,"column":16},"end":{"line":169,"column":42}},"79":{"start":{"line":170,"column":16},"end":{"line":170,"column":22}},"80":{"start":{"line":172,"column":16},"end":{"line":172,"column":42}},"81":{"start":{"line":173,"column":16},"end":{"line":173,"column":22}},"82":{"start":{"line":175,"column":16},"end":{"line":175,"column":42}},"83":{"start":{"line":177,"column":8},"end":{"line":177,"column":26}},"84":{"start":{"line":179,"column":4},"end":{"line":179,"column":32}},"85":{"start":{"line":189,"column":25},"end":{"line":189,"column":120}},"86":{"start":{"line":190,"column":24},"end":{"line":190,"column":89}},"87":{"start":{"line":190,"column":55},"end":{"line":190,"column":84}},"88":{"start":{"line":191,"column":24},"end":{"line":191,"column":89}},"89":{"start":{"line":191,"column":55},"end":{"line":191,"column":84}},"90":{"start":{"line":192,"column":8},"end":{"line":203,"column":9}},"91":{"start":{"line":193,"column":12},"end":{"line":193,"column":21}},"92":{"start":{"line":195,"column":13},"end":{"line":203,"column":9}},"93":{"start":{"line":196,"column":12},"end":{"line":196,"column":44}},"94":{"start":{"line":198,"column":13},"end":{"line":203,"column":9}},"95":{"start":{"line":199,"column":12},"end":{"line":199,"column":21}},"96":{"start":{"line":202,"column":12},"end":{"line":202,"column":21}},"97":{"start":{"line":205,"column":4},"end":{"line":205,"column":36}}},"fnMap":{"0":{"name":"(anonymous_0)","decl":{"start":{"line":4,"column":1},"end":{"line":4,"column":2}},"loc":{"start":{"line":4,"column":18},"end":{"line":206,"column":1}},"line":4},"1":{"name":"dot","decl":{"start":{"line":11,"column":13},"end":{"line":11,"column":16}},"loc":{"start":{"line":11,"column":33},"end":{"line":13,"column":5}},"line":11},"2":{"name":"(anonymous_2)","decl":{"start":{"line":12,"column":29},"end":{"line":12,"column":30}},"loc":{"start":{"line":12,"column":42},"end":{"line":12,"column":59}},"line":12},"3":{"name":"array_equal","decl":{"start":{"line":21,"column":13},"end":{"line":21,"column":24}},"loc":{"start":{"line":21,"column":41},"end":{"line":28,"column":5}},"line":21},"4":{"name":"(anonymous_4)","decl":{"start":{"line":26,"column":33},"end":{"line":26,"column":34}},"loc":{"start":{"line":26,"column":46},"end":{"line":26,"column":68}},"line":26},"5":{"name":"is_numeric","decl":{"start":{"line":36,"column":13},"end":{"line":36,"column":23}},"loc":{"start":{"line":36,"column":31},"end":{"line":38,"column":5}},"line":36},"6":{"name":"is_int","decl":{"start":{"line":45,"column":13},"end":{"line":45,"column":19}},"loc":{"start":{"line":45,"column":27},"end":{"line":47,"column":5}},"line":45},"7":{"name":"is_numeric_array","decl":{"start":{"line":55,"column":13},"end":{"line":55,"column":29}},"loc":{"start":{"line":55,"column":37},"end":{"line":65,"column":5}},"line":55},"8":{"name":"(anonymous_8)","decl":{"start":{"line":63,"column":32},"end":{"line":63,"column":33}},"loc":{"start":{"line":63,"column":42},"end":{"line":63,"column":60}},"line":63},"9":{"name":"zip_iterable","decl":{"start":{"line":67,"column":13},"end":{"line":67,"column":25}},"loc":{"start":{"line":67,"column":36},"end":{"line":87,"column":5}},"line":67},"10":{"name":"(anonymous_10)","decl":{"start":{"line":68,"column":34},"end":{"line":68,"column":35}},"loc":{"start":{"line":68,"column":39},"end":{"line":68,"column":59}},"line":68},"11":{"name":"(anonymous_11)","decl":{"start":{"line":70,"column":32},"end":{"line":70,"column":33}},"loc":{"start":{"line":70,"column":45},"end":{"line":85,"column":9}},"line":70},"12":{"name":"(anonymous_12)","decl":{"start":{"line":74,"column":34},"end":{"line":74,"column":35}},"loc":{"start":{"line":74,"column":39},"end":{"line":80,"column":17}},"line":74},"13":{"name":"zip_longest","decl":{"start":{"line":89,"column":13},"end":{"line":89,"column":24}},"loc":{"start":{"line":89,"column":35},"end":{"line":114,"column":5}},"line":89},"14":{"name":"(anonymous_14)","decl":{"start":{"line":90,"column":34},"end":{"line":90,"column":35}},"loc":{"start":{"line":90,"column":39},"end":{"line":90,"column":59}},"line":90},"15":{"name":"(anonymous_15)","decl":{"start":{"line":92,"column":31},"end":{"line":92,"column":32}},"loc":{"start":{"line":92,"column":44},"end":{"line":111,"column":13}},"line":92},"16":{"name":"(anonymous_16)","decl":{"start":{"line":93,"column":48},"end":{"line":93,"column":49}},"loc":{"start":{"line":93,"column":53},"end":{"line":93,"column":58}},"line":93},"17":{"name":"(anonymous_17)","decl":{"start":{"line":97,"column":38},"end":{"line":97,"column":39}},"loc":{"start":{"line":97,"column":48},"end":{"line":105,"column":21}},"line":97},"18":{"name":"(anonymous_18)","decl":{"start":{"line":106,"column":54},"end":{"line":106,"column":55}},"loc":{"start":{"line":106,"column":64},"end":{"line":106,"column":70}},"line":106},"19":{"name":"is_typed_array","decl":{"start":{"line":122,"column":13},"end":{"line":122,"column":27}},"loc":{"start":{"line":122,"column":35},"end":{"line":124,"column":5}},"line":122},"20":{"name":"_typed_array_sub","decl":{"start":{"line":133,"column":13},"end":{"line":133,"column":29}},"loc":{"start":{"line":133,"column":36},"end":{"line":136,"column":5}},"line":133},"21":{"name":"(anonymous_21)","decl":{"start":{"line":135,"column":21},"end":{"line":135,"column":22}},"loc":{"start":{"line":135,"column":31},"end":{"line":135,"column":39}},"line":135},"22":{"name":"dtype_map","decl":{"start":{"line":144,"column":13},"end":{"line":144,"column":22}},"loc":{"start":{"line":144,"column":30},"end":{"line":178,"column":5}},"line":144},"23":{"name":"_dtype_join","decl":{"start":{"line":187,"column":13},"end":{"line":187,"column":24}},"loc":{"start":{"line":187,"column":31},"end":{"line":204,"column":5}},"line":187},"24":{"name":"(anonymous_24)","decl":{"start":{"line":190,"column":40},"end":{"line":190,"column":41}},"loc":{"start":{"line":190,"column":55},"end":{"line":190,"column":84}},"line":190},"25":{"name":"(anonymous_25)","decl":{"start":{"line":191,"column":40},"end":{"line":191,"column":41}},"loc":{"start":{"line":191,"column":55},"end":{"line":191,"column":84}},"line":191}},"branchMap":{"0":{"loc":{"start":{"line":22,"column":8},"end":{"line":27,"column":9}},"type":"if","locations":[{"start":{"line":22,"column":8},"end":{"line":27,"column":9}},{"start":{"line":22,"column":8},"end":{"line":27,"column":9}}],"line":22},"1":{"loc":{"start":{"line":26,"column":46},"end":{"line":26,"column":68}},"type":"binary-expr","locations":[{"start":{"line":26,"column":46},"end":{"line":26,"column":47}},{"start":{"line":26,"column":52},"end":{"line":26,"column":67}}],"line":26},"2":{"loc":{"start":{"line":37,"column":15},"end":{"line":37,"column":76}},"type":"binary-expr","locations":[{"start":{"line":37,"column":15},"end":{"line":37,"column":28}},{"start":{"line":37,"column":32},"end":{"line":37,"column":46}},{"start":{"line":37,"column":50},"end":{"line":37,"column":76}}],"line":37},"3":{"loc":{"start":{"line":56,"column":8},"end":{"line":64,"column":9}},"type":"if","locations":[{"start":{"line":56,"column":8},"end":{"line":64,"column":9}},{"start":{"line":56,"column":8},"end":{"line":64,"column":9}}],"line":56},"4":{"loc":{"start":{"line":56,"column":12},"end":{"line":56,"column":63}},"type":"binary-expr","locations":[{"start":{"line":56,"column":12},"end":{"line":56,"column":33}},{"start":{"line":56,"column":37},"end":{"line":56,"column":63}}],"line":56},"5":{"loc":{"start":{"line":59,"column":13},"end":{"line":64,"column":9}},"type":"if","locations":[{"start":{"line":59,"column":13},"end":{"line":64,"column":9}},{"start":{"line":59,"column":13},"end":{"line":64,"column":9}}],"line":59},"6":{"loc":{"start":{"line":63,"column":42},"end":{"line":63,"column":60}},"type":"binary-expr","locations":[{"start":{"line":63,"column":42},"end":{"line":63,"column":55}},{"start":{"line":63,"column":59},"end":{"line":63,"column":60}}],"line":63},"7":{"loc":{"start":{"line":76,"column":20},"end":{"line":78,"column":21}},"type":"if","locations":[{"start":{"line":76,"column":20},"end":{"line":78,"column":21}},{"start":{"line":76,"column":20},"end":{"line":78,"column":21}}],"line":76},"8":{"loc":{"start":{"line":81,"column":16},"end":{"line":83,"column":17}},"type":"if","locations":[{"start":{"line":81,"column":16},"end":{"line":83,"column":17}},{"start":{"line":81,"column":16},"end":{"line":83,"column":17}}],"line":81},"9":{"loc":{"start":{"line":99,"column":24},"end":{"line":103,"column":25}},"type":"if","locations":[{"start":{"line":99,"column":24},"end":{"line":103,"column":25}},{"start":{"line":99,"column":24},"end":{"line":103,"column":25}}],"line":99},"10":{"loc":{"start":{"line":106,"column":64},"end":{"line":106,"column":70}},"type":"binary-expr","locations":[{"start":{"line":106,"column":64},"end":{"line":106,"column":65}},{"start":{"line":106,"column":69},"end":{"line":106,"column":70}}],"line":106},"11":{"loc":{"start":{"line":107,"column":20},"end":{"line":109,"column":21}},"type":"if","locations":[{"start":{"line":107,"column":20},"end":{"line":109,"column":21}},{"start":{"line":107,"column":20},"end":{"line":109,"column":21}}],"line":107},"12":{"loc":{"start":{"line":123,"column":18},"end":{"line":123,"column":80}},"type":"binary-expr","locations":[{"start":{"line":123,"column":18},"end":{"line":123,"column":53}},{"start":{"line":123,"column":57},"end":{"line":123,"column":80}}],"line":123},"13":{"loc":{"start":{"line":146,"column":8},"end":{"line":176,"column":9}},"type":"switch","locations":[{"start":{"line":147,"column":12},"end":{"line":149,"column":22}},{"start":{"line":150,"column":12},"end":{"line":152,"column":22}},{"start":{"line":153,"column":12},"end":{"line":155,"column":22}},{"start":{"line":156,"column":12},"end":{"line":158,"column":22}},{"start":{"line":159,"column":12},"end":{"line":161,"column":22}},{"start":{"line":162,"column":12},"end":{"line":164,"column":22}},{"start":{"line":165,"column":12},"end":{"line":167,"column":22}},{"start":{"line":168,"column":12},"end":{"line":170,"column":22}},{"start":{"line":171,"column":12},"end":{"line":173,"column":22}},{"start":{"line":174,"column":12},"end":{"line":175,"column":42}}],"line":146},"14":{"loc":{"start":{"line":190,"column":55},"end":{"line":190,"column":84}},"type":"cond-expr","locations":[{"start":{"line":190,"column":77},"end":{"line":190,"column":80}},{"start":{"line":190,"column":83},"end":{"line":190,"column":84}}],"line":190},"15":{"loc":{"start":{"line":191,"column":55},"end":{"line":191,"column":84}},"type":"cond-expr","locations":[{"start":{"line":191,"column":77},"end":{"line":191,"column":80}},{"start":{"line":191,"column":83},"end":{"line":191,"column":84}}],"line":191},"16":{"loc":{"start":{"line":192,"column":8},"end":{"line":203,"column":9}},"type":"if","locations":[{"start":{"line":192,"column":8},"end":{"line":203,"column":9}},{"start":{"line":192,"column":8},"end":{"line":203,"column":9}}],"line":192},"17":{"loc":{"start":{"line":195,"column":13},"end":{"line":203,"column":9}},"type":"if","locations":[{"start":{"line":195,"column":13},"end":{"line":203,"column":9}},{"start":{"line":195,"column":13},"end":{"line":203,"column":9}}],"line":195},"18":{"loc":{"start":{"line":198,"column":13},"end":{"line":203,"column":9}},"type":"if","locations":[{"start":{"line":198,"column":13},"end":{"line":203,"column":9}},{"start":{"line":198,"column":13},"end":{"line":203,"column":9}}],"line":198},"19":{"loc":{"start":{"line":206,"column":11},"end":{"line":206,"column":48}},"type":"binary-expr","locations":[{"start":{"line":206,"column":11},"end":{"line":206,"column":24}},{"start":{"line":206,"column":29},"end":{"line":206,"column":47}}],"line":206}},"s":{"0":4,"1":4,"2":4981,"3":8839,"4":4,"5":0,"6":0,"7":0,"8":0,"9":4,"10":5588,"11":4,"12":592,"13":4,"14":494,"15":15,"16":479,"17":2,"18":477,"19":2052,"20":4,"21":70,"22":140,"23":70,"24":70,"25":70,"26":70,"27":367,"28":367,"29":734,"30":734,"31":140,"32":734,"33":367,"34":297,"35":70,"36":4,"37":17,"38":47,"39":17,"40":17,"41":47,"42":17,"43":17,"44":144,"45":144,"46":396,"47":396,"48":74,"49":74,"50":74,"51":396,"52":144,"53":252,"54":144,"55":127,"56":17,"57":4,"58":29,"59":4,"60":420,"61":563,"62":4,"63":941,"64":0,"65":0,"66":0,"67":0,"68":483,"69":483,"70":0,"71":0,"72":0,"73":0,"74":0,"75":0,"76":0,"77":0,"78":0,"79":0,"80":12,"81":12,"82":446,"83":941,"84":4,"85":24,"86":24,"87":96,"88":24,"89":96,"90":24,"91":22,"92":2,"93":2,"94":0,"95":0,"96":0,"97":4},"f":{"0":4,"1":4981,"2":8839,"3":0,"4":0,"5":5588,"6":592,"7":494,"8":2052,"9":70,"10":140,"11":70,"12":734,"13":17,"14":47,"15":17,"16":47,"17":396,"18":252,"19":29,"20":420,"21":563,"22":941,"23":24,"24":96,"25":96},"b":{"0":[0,0],"1":[0,0],"2":[5588,5516,5449],"3":[15,479],"4":[494,17],"5":[2,477],"6":[2052,2050],"7":[140,594],"8":[297,70],"9":[74,322],"10":[252,39],"11":[127,17],"12":[29,0],"13":[0,0,483,0,0,0,0,0,12,446],"14":[72,24],"15":[72,24],"16":[22,2],"17":[2,0],"18":[0,0],"19":[4,4]},"_coverageSchema":"332fd63041d2c1bcb487cc26dd0d5f7d97098a6c","hash":"08e06a259a3a5de5a35e28ba182f551e9ac2917a"}
}
