TN:
SF:/home/vincent/projects/tndarray/numts/indexing.js
FN:6,(anonymous_0)
FN:13,compute_size
FN:15,(anonymous_2)
FN:24,compute_shape
FN:60,new_shape_from_slice
FN:61,(anonymous_5)
FN:62,(anonymous_6)
FN:66,checks_indices_are_single_index
FN:67,(anonymous_8)
FN:76,new_shape_from_axis
FN:82,(anonymous_10)
FN:94,compute_slice_size
FN:96,(anonymous_12)
FN:97,(anonymous_13)
FN:108,index_in_data
FN:117,stride_from_shape
FN:133,convert_negative_indices
FN:156,calculate_broadcast_dimensions
FN:201,slice_iterator
FN:213,(anonymous_19)
FN:239,index_to_slice
FN:242,(anonymous_21)
FNF:22
FNH:22
FNDA:4,(anonymous_0)
FNDA:1492,compute_size
FNDA:3531,(anonymous_2)
FNDA:592,compute_shape
FNDA:150,new_shape_from_slice
FNDA:314,(anonymous_5)
FNDA:314,(anonymous_6)
FNDA:98,checks_indices_are_single_index
FNDA:172,(anonymous_8)
FNDA:12,new_shape_from_axis
FNDA:36,(anonymous_10)
FNDA:420,compute_slice_size
FNDA:563,(anonymous_12)
FNDA:563,(anonymous_13)
FNDA:4819,index_in_data
FNDA:758,stride_from_shape
FNDA:2049,convert_negative_indices
FNDA:225,calculate_broadcast_dimensions
FNDA:417,slice_iterator
FNDA:491,(anonymous_19)
FNDA:5,index_to_slice
FNDA:5,(anonymous_21)
DA:2,4
DA:3,4
DA:4,4
DA:6,4
DA:15,3531
DA:17,4
DA:27,592
DA:28,5
DA:31,587
DA:33,435
DA:34,1
DA:36,434
DA:37,433
DA:40,1
DA:44,152
DA:45,151
DA:48,1
DA:50,590
DA:52,4
DA:61,314
DA:62,314
DA:63,150
DA:65,4
DA:67,172
DA:69,4
DA:78,12
DA:79,0
DA:82,36
DA:84,12
DA:86,4
DA:95,420
DA:96,563
DA:97,563
DA:99,4
DA:109,4819
DA:111,4
DA:118,758
DA:119,758
DA:121,758
DA:122,1737
DA:124,758
DA:126,4
DA:134,2049
DA:135,2049
DA:136,2049
DA:137,3015
DA:138,2929
DA:140,86
DA:141,20
DA:142,20
DA:144,3015
DA:146,2049
DA:148,4
DA:157,225
DA:158,225
DA:159,225
DA:160,2
DA:162,223
DA:163,1
DA:165,222
DA:166,222
DA:167,222
DA:168,986
DA:169,986
DA:172,986
DA:173,871
DA:175,115
DA:176,93
DA:178,22
DA:179,22
DA:182,0
DA:184,986
DA:186,222
DA:188,4
DA:202,417
DA:203,183
DA:204,183
DA:206,417
DA:207,176
DA:208,176
DA:210,417
DA:211,417
DA:212,417
DA:213,417
DA:214,491
DA:215,491
DA:217,491
DA:219,4766
DA:220,4668
DA:222,4668
DA:223,4668
DA:224,945
DA:225,945
DA:226,945
DA:228,4668
DA:231,417
DA:233,4
DA:240,5
DA:242,5
DA:243,5
DA:245,5
DA:247,4
LF:102
LH:100
BRDA:27,0,0,5
BRDA:27,0,1,587
BRDA:31,1,0,435
BRDA:31,1,1,152
BRDA:33,2,0,1
BRDA:33,2,1,434
BRDA:36,3,0,433
BRDA:36,3,1,1
BRDA:44,4,0,151
BRDA:44,4,1,1
BRDA:67,5,0,172
BRDA:67,5,1,171
BRDA:78,6,0,0
BRDA:78,6,1,12
BRDA:137,7,0,2929
BRDA:137,7,1,86
BRDA:138,8,0,4
BRDA:138,8,1,2925
BRDA:140,9,0,20
BRDA:140,9,1,66
BRDA:140,10,0,86
BRDA:140,10,1,66
BRDA:141,11,0,2
BRDA:141,11,1,18
BRDA:159,12,0,2
BRDA:159,12,1,223
BRDA:162,13,0,1
BRDA:162,13,1,222
BRDA:168,14,0,986
BRDA:168,14,1,0
BRDA:169,15,0,961
BRDA:169,15,1,25
BRDA:172,16,0,871
BRDA:172,16,1,115
BRDA:175,17,0,93
BRDA:175,17,1,22
BRDA:178,18,0,22
BRDA:178,18,1,0
BRDA:202,19,0,183
BRDA:202,19,1,234
BRDA:206,20,0,176
BRDA:206,20,1,241
BRDA:223,21,0,5613
BRDA:223,21,1,5220
BRDA:248,22,0,4
BRDA:248,22,1,4
BRF:46
BRH:43
end_of_record
TN:
SF:/home/vincent/projects/tndarray/numts/numts.js
FN:13,where
FN:25,add
FN:29,div
FN:33,mult
FN:37,sub
FN:47,zeros
FN:57,ones
FN:69,arange
FN:92,(anonymous_8)
FN:111,_nested_array_shape
FN:134,_nested_array_value_from_index
FN:150,from_nested_array
FNF:12
FNH:8
FNDA:0,where
FNDA:1,add
FNDA:0,div
FNDA:0,mult
FNDA:0,sub
FNDA:425,zeros
FNDA:2,ones
FNDA:63,arange
FNDA:63,(anonymous_8)
FNDA:38,_nested_array_shape
FNDA:594,_nested_array_value_from_index
FNDA:39,from_nested_array
DA:2,4
DA:3,4
DA:4,4
DA:5,4
DA:6,4
DA:15,4
DA:26,1
DA:28,4
DA:30,0
DA:32,4
DA:34,0
DA:36,4
DA:38,0
DA:40,4
DA:48,425
DA:50,4
DA:58,2
DA:60,4
DA:70,63
DA:71,63
DA:74,63
DA:75,43
DA:76,43
DA:79,20
DA:81,63
DA:82,63
DA:83,63
DA:86,0
DA:87,0
DA:88,0
DA:91,63
DA:93,63
DA:94,63
DA:95,1134
DA:96,1071
DA:100,63
DA:101,63
DA:103,4
DA:112,38
DA:113,38
DA:114,38
DA:115,38
DA:116,82
DA:117,82
DA:118,44
DA:121,38
DA:124,38
DA:126,4
DA:135,594
DA:136,594
DA:137,1716
DA:139,594
DA:141,4
DA:151,39
DA:152,1
DA:154,38
DA:155,38
DA:156,38
DA:157,38
DA:158,38
DA:159,38
DA:160,38
DA:161,474
DA:162,474
DA:164,38
DA:166,4
LF:66
LH:60
BRDA:70,0,0,63
BRDA:70,0,1,0
BRDA:74,1,0,43
BRDA:74,1,1,20
BRDA:82,2,0,63
BRDA:82,2,1,0
BRDA:87,3,0,0
BRDA:87,3,1,0
BRDA:100,4,0,0
BRDA:100,4,1,63
BRDA:117,5,0,44
BRDA:117,5,1,38
BRDA:151,6,0,1
BRDA:151,6,1,38
BRF:14
BRH:9
end_of_record
TN:
SF:/home/vincent/projects/tndarray/numts/tndarray.js
FN:6,(anonymous_0)
FN:8,(anonymous_1)
FN:14,(anonymous_2)
FN:20,(anonymous_3)
FN:59,(anonymous_4)
FN:82,(anonymous_5)
FN:84,(anonymous_6)
FN:85,(anonymous_7)
FN:86,(anonymous_8)
FN:87,(anonymous_9)
FN:88,(anonymous_10)
FN:89,(anonymous_11)
FN:90,(anonymous_12)
FN:91,(anonymous_13)
FN:92,(anonymous_14)
FN:110,(anonymous_15)
FN:111,(anonymous_16)
FN:118,(anonymous_17)
FN:119,(anonymous_18)
FN:121,(anonymous_19)
FN:122,(anonymous_20)
FN:128,(anonymous_21)
FN:134,(anonymous_22)
FN:140,(anonymous_23)
FN:141,(anonymous_24)
FN:147,(anonymous_25)
FN:160,(anonymous_26)
FN:161,(anonymous_27)
FN:166,(anonymous_28)
FN:176,(anonymous_29)
FN:181,(anonymous_30)
FN:182,(anonymous_31)
FN:184,(anonymous_32)
FN:190,(anonymous_33)
FN:211,(anonymous_34)
FN:212,(anonymous_35)
FN:213,(anonymous_36)
FN:219,(anonymous_37)
FN:238,(anonymous_38)
FN:253,(anonymous_39)
FN:254,(anonymous_40)
FN:256,(anonymous_41)
FN:261,(anonymous_42)
FN:266,(anonymous_43)
FN:284,(anonymous_44)
FN:290,(anonymous_45)
FN:329,(anonymous_46)
FN:330,(anonymous_47)
FN:331,(anonymous_48)
FN:332,(anonymous_49)
FN:343,(anonymous_50)
FN:356,(anonymous_51)
FN:386,(anonymous_52)
FN:387,(anonymous_53)
FN:396,(anonymous_54)
FN:405,(anonymous_55)
FN:418,(anonymous_56)
FN:466,(anonymous_57)
FN:491,(anonymous_58)
FN:515,(anonymous_59)
FN:524,(anonymous_60)
FN:533,(anonymous_61)
FN:554,(anonymous_62)
FN:562,(anonymous_63)
FN:580,(anonymous_64)
FN:598,(anonymous_65)
FN:612,(anonymous_66)
FN:630,(anonymous_67)
FN:643,(anonymous_68)
FN:649,(anonymous_69)
FN:664,(anonymous_70)
FN:672,(anonymous_71)
FN:688,(anonymous_72)
FN:702,(anonymous_73)
FN:729,(anonymous_74)
FN:743,(anonymous_75)
FN:785,(anonymous_76)
FN:798,(anonymous_77)
FN:839,(anonymous_78)
FN:842,(anonymous_79)
FN:864,(anonymous_80)
FN:881,(anonymous_81)
FN:882,(anonymous_82)
FN:892,(anonymous_83)
FN:893,(anonymous_84)
FN:903,(anonymous_85)
FN:904,(anonymous_86)
FN:913,(anonymous_87)
FN:914,(anonymous_88)
FN:923,(anonymous_89)
FN:924,(anonymous_90)
FN:933,(anonymous_91)
FN:934,(anonymous_92)
FN:943,(anonymous_93)
FN:944,(anonymous_94)
FN:952,(anonymous_95)
FN:953,(anonymous_96)
FN:961,(anonymous_97)
FN:962,(anonymous_98)
FN:970,(anonymous_99)
FN:971,(anonymous_100)
FN:978,(anonymous_101)
FN:979,(anonymous_102)
FN:986,(anonymous_103)
FN:987,(anonymous_104)
FN:994,(anonymous_105)
FN:995,(anonymous_106)
FN:1002,(anonymous_107)
FN:1003,(anonymous_108)
FN:1010,(anonymous_109)
FN:1011,(anonymous_110)
FN:1018,(anonymous_111)
FN:1019,(anonymous_112)
FN:1027,(anonymous_113)
FN:1044,(anonymous_114)
FN:1052,(anonymous_115)
FN:1059,(anonymous_116)
FNF:117
FNH:73
FNDA:4,(anonymous_0)
FNDA:0,(anonymous_1)
FNDA:0,(anonymous_2)
FNDA:4,(anonymous_3)
FNDA:781,(anonymous_4)
FNDA:0,(anonymous_5)
FNDA:0,(anonymous_6)
FNDA:0,(anonymous_7)
FNDA:0,(anonymous_8)
FNDA:0,(anonymous_9)
FNDA:0,(anonymous_10)
FNDA:0,(anonymous_11)
FNDA:0,(anonymous_12)
FNDA:0,(anonymous_13)
FNDA:0,(anonymous_14)
FNDA:2,(anonymous_15)
FNDA:24,(anonymous_16)
FNDA:2,(anonymous_17)
FNDA:21,(anonymous_18)
FNDA:0,(anonymous_19)
FNDA:0,(anonymous_20)
FNDA:0,(anonymous_21)
FNDA:0,(anonymous_22)
FNDA:4,(anonymous_23)
FNDA:22,(anonymous_24)
FNDA:3,(anonymous_25)
FNDA:4,(anonymous_26)
FNDA:22,(anonymous_27)
FNDA:2,(anonymous_28)
FNDA:0,(anonymous_29)
FNDA:1,(anonymous_30)
FNDA:25,(anonymous_31)
FNDA:0,(anonymous_32)
FNDA:45,(anonymous_33)
FNDA:0,(anonymous_34)
FNDA:0,(anonymous_35)
FNDA:0,(anonymous_36)
FNDA:1,(anonymous_37)
FNDA:0,(anonymous_38)
FNDA:5,(anonymous_39)
FNDA:102,(anonymous_40)
FNDA:0,(anonymous_41)
FNDA:2,(anonymous_42)
FNDA:8,(anonymous_43)
FNDA:0,(anonymous_44)
FNDA:146,(anonymous_45)
FNDA:303,(anonymous_46)
FNDA:303,(anonymous_47)
FNDA:303,(anonymous_48)
FNDA:1212,(anonymous_49)
FNDA:1808,(anonymous_50)
FNDA:97,(anonymous_51)
FNDA:0,(anonymous_52)
FNDA:0,(anonymous_53)
FNDA:1,(anonymous_54)
FNDA:0,(anonymous_55)
FNDA:4,(anonymous_56)
FNDA:8,(anonymous_57)
FNDA:5,(anonymous_58)
FNDA:34,(anonymous_59)
FNDA:2527,(anonymous_60)
FNDA:33,(anonymous_61)
FNDA:12,(anonymous_62)
FNDA:12,(anonymous_63)
FNDA:12,(anonymous_64)
FNDA:8,(anonymous_65)
FNDA:6,(anonymous_66)
FNDA:51,(anonymous_67)
FNDA:92,(anonymous_68)
FNDA:109,(anonymous_69)
FNDA:7,(anonymous_70)
FNDA:182,(anonymous_71)
FNDA:182,(anonymous_72)
FNDA:123,(anonymous_73)
FNDA:16,(anonymous_74)
FNDA:639,(anonymous_75)
FNDA:442,(anonymous_76)
FNDA:3,(anonymous_77)
FNDA:7,(anonymous_78)
FNDA:7,(anonymous_79)
FNDA:63,(anonymous_80)
FNDA:0,(anonymous_81)
FNDA:0,(anonymous_82)
FNDA:0,(anonymous_83)
FNDA:0,(anonymous_84)
FNDA:1,(anonymous_85)
FNDA:10,(anonymous_86)
FNDA:2,(anonymous_87)
FNDA:11,(anonymous_88)
FNDA:1,(anonymous_89)
FNDA:10,(anonymous_90)
FNDA:1,(anonymous_91)
FNDA:10,(anonymous_92)
FNDA:2,(anonymous_93)
FNDA:2,(anonymous_94)
FNDA:1,(anonymous_95)
FNDA:10,(anonymous_96)
FNDA:1,(anonymous_97)
FNDA:10,(anonymous_98)
FNDA:1,(anonymous_99)
FNDA:10,(anonymous_100)
FNDA:0,(anonymous_101)
FNDA:0,(anonymous_102)
FNDA:0,(anonymous_103)
FNDA:0,(anonymous_104)
FNDA:0,(anonymous_105)
FNDA:0,(anonymous_106)
FNDA:0,(anonymous_107)
FNDA:0,(anonymous_108)
FNDA:0,(anonymous_109)
FNDA:0,(anonymous_110)
FNDA:0,(anonymous_111)
FNDA:0,(anonymous_112)
FNDA:34,(anonymous_113)
FNDA:165,(anonymous_114)
FNDA:573,(anonymous_115)
FNDA:0,(anonymous_116)
DA:2,4
DA:3,4
DA:4,4
DA:6,4
DA:9,0
DA:12,4
DA:15,0
DA:18,4
DA:21,4
DA:24,4
DA:27,4
DA:30,4
DA:33,4
DA:36,4
DA:39,4
DA:42,4
DA:44,4
DA:60,781
DA:61,781
DA:62,781
DA:63,781
DA:64,781
DA:65,781
DA:66,322
DA:67,322
DA:68,0
DA:71,322
DA:73,322
DA:76,459
DA:77,459
DA:79,781
DA:80,781
DA:92,0
DA:93,0
DA:94,0
DA:96,0
DA:97,0
DA:100,0
DA:111,24
DA:119,21
DA:129,0
DA:130,0
DA:132,0
DA:141,22
DA:148,3
DA:149,3
DA:152,0
DA:161,22
DA:167,2
DA:168,2
DA:169,12
DA:170,12
DA:171,6
DA:174,2
DA:182,25
DA:192,45
DA:194,31
DA:198,14
DA:200,45
DA:201,43
DA:203,45
DA:204,45
DA:205,45
DA:206,0
DA:208,45
DA:209,45
DA:220,1
DA:221,1
DA:222,1
DA:223,1
DA:224,1
DA:225,1
DA:226,1
DA:227,1
DA:230,0
DA:239,0
DA:240,0
DA:241,0
DA:242,0
DA:245,0
DA:254,102
DA:263,2
DA:264,2
DA:265,2
DA:266,2
DA:267,8
DA:268,3
DA:269,3
DA:270,3
DA:273,2
DA:274,2
DA:275,2
DA:276,2
DA:277,2
DA:278,2
DA:293,146
DA:294,0
DA:296,146
DA:297,146
DA:298,146
DA:299,146
DA:300,146
DA:301,146
DA:302,146
DA:303,146
DA:304,146
DA:305,216
DA:307,150
DA:308,133
DA:309,133
DA:310,133
DA:313,17
DA:314,11
DA:315,11
DA:317,6
DA:318,6
DA:319,6
DA:320,6
DA:323,0
DA:325,216
DA:327,146
DA:328,146
DA:329,303
DA:330,303
DA:331,303
DA:332,1212
DA:333,146
DA:334,146
DA:335,146
DA:336,146
DA:344,1808
DA:345,0
DA:347,1808
DA:348,1808
DA:349,1808
DA:357,97
DA:358,94
DA:359,0
DA:361,94
DA:362,94
DA:363,94
DA:364,94
DA:366,3
DA:367,3
DA:369,3
DA:370,3
DA:371,0
DA:373,3
DA:374,6
DA:375,0
DA:378,3
DA:379,3
DA:380,28
DA:387,0
DA:388,0
DA:397,1
DA:398,1
DA:406,0
DA:419,4
DA:421,4
DA:423,2
DA:425,2
DA:426,1
DA:428,2
DA:429,2
DA:430,2
DA:431,24
DA:432,24
DA:433,24
DA:437,2
DA:438,2
DA:439,2
DA:440,2
DA:442,6
DA:443,3
DA:446,3
DA:448,6
DA:449,6
DA:450,6
DA:451,18
DA:452,18
DA:453,18
DA:457,4
DA:467,8
DA:468,8
DA:469,4
DA:472,4
DA:473,4
DA:474,4
DA:475,4
DA:476,40
DA:477,40
DA:478,120
DA:480,40
DA:482,4
DA:492,5
DA:493,5
DA:494,3
DA:497,2
DA:498,2
DA:499,2
DA:500,2
DA:501,30
DA:502,30
DA:503,30
DA:505,30
DA:507,2
DA:516,34
DA:525,2527
DA:535,33
DA:536,4
DA:538,29
DA:539,0
DA:542,29
DA:544,33
DA:555,12
DA:556,12
DA:557,12
DA:558,12
DA:559,12
DA:560,12
DA:561,12
DA:562,12
DA:563,12
DA:564,93
DA:565,93
DA:566,93
DA:569,12
DA:581,12
DA:582,12
DA:583,9
DA:585,12
DA:586,12
DA:587,93
DA:588,93
DA:590,12
DA:599,8
DA:600,8
DA:601,8
DA:602,8
DA:603,8
DA:604,8
DA:613,6
DA:614,6
DA:615,6
DA:616,6
DA:617,6
DA:618,6
DA:631,51
DA:632,43
DA:634,51
DA:635,43
DA:636,43
DA:638,51
DA:639,43
DA:640,43
DA:642,51
DA:643,92
DA:644,51
DA:645,51
DA:646,51
DA:647,51
DA:648,51
DA:649,51
DA:650,109
DA:651,161
DA:652,161
DA:653,488
DA:654,456
DA:658,51
DA:665,7
DA:673,182
DA:674,182
DA:676,182
DA:677,182
DA:678,182
DA:680,182
DA:681,182
DA:682,182
DA:684,182
DA:685,182
DA:687,182
DA:688,182
DA:689,182
DA:690,1550
DA:693,182
DA:703,123
DA:704,123
DA:705,123
DA:706,123
DA:707,123
DA:708,123
DA:709,123
DA:710,123
DA:711,123
DA:712,123
DA:713,2292
DA:714,2292
DA:715,2292
DA:717,123
DA:718,0
DA:720,123
DA:730,16
DA:731,16
DA:732,16
DA:733,16
DA:734,16
DA:747,639
DA:748,5
DA:750,639
DA:751,174
DA:753,639
DA:754,624
DA:755,624
DA:758,15
DA:759,2
DA:761,13
DA:762,2
DA:765,11
DA:768,11
DA:769,11
DA:770,2
DA:773,633
DA:774,633
DA:775,633
DA:776,633
DA:786,442
DA:787,442
DA:788,442
DA:789,442
DA:790,442
DA:799,3
DA:800,3
DA:801,3
DA:802,3
DA:804,3
DA:805,0
DA:807,3
DA:808,3
DA:812,3
DA:813,2
DA:816,1
DA:817,1
DA:818,1
DA:819,1
DA:820,1
DA:821,1
DA:822,1
DA:823,2
DA:824,2
DA:825,2
DA:826,2
DA:827,2
DA:829,1
DA:840,7
DA:841,7
DA:843,7
DA:844,18
DA:845,62
DA:846,62
DA:847,62
DA:848,62
DA:849,62
DA:854,7
DA:865,63
DA:866,63
DA:867,63
DA:868,63
DA:869,224
DA:871,63
DA:882,0
DA:893,0
DA:904,10
DA:914,11
DA:924,10
DA:934,10
DA:944,2
DA:953,10
DA:962,10
DA:971,10
DA:979,0
DA:987,0
DA:995,0
DA:1003,0
DA:1011,0
DA:1019,0
DA:1028,34
DA:1045,165
DA:1046,33
DA:1048,165
DA:1049,33
DA:1051,165
DA:1052,573
DA:1060,0
DA:1063,4
LF:395
LH:354
BRDA:43,0,0,4
BRDA:43,0,1,4
BRDA:65,1,0,322
BRDA:65,1,1,459
BRDA:67,2,0,0
BRDA:67,2,1,322
BRDA:79,3,0,635
BRDA:79,3,1,146
BRDA:80,4,0,633
BRDA:80,4,1,148
BRDA:93,5,0,0
BRDA:93,5,1,0
BRDA:96,6,0,0
BRDA:96,6,1,0
BRDA:148,7,0,3
BRDA:148,7,1,0
BRDA:170,8,0,6
BRDA:170,8,1,6
BRDA:192,9,0,31
BRDA:192,9,1,14
BRDA:200,10,0,43
BRDA:200,10,1,2
BRDA:205,11,0,0
BRDA:205,11,1,45
BRDA:226,12,0,1
BRDA:226,12,1,0
BRDA:241,13,0,0
BRDA:241,13,1,0
BRDA:267,14,0,3
BRDA:267,14,1,5
BRDA:293,15,0,0
BRDA:293,15,1,146
BRDA:293,16,0,146
BRDA:293,16,1,72
BRDA:293,16,2,2
BRDA:305,17,0,66
BRDA:305,17,1,150
BRDA:307,18,0,133
BRDA:307,18,1,17
BRDA:313,19,0,11
BRDA:313,19,1,6
BRDA:317,20,0,6
BRDA:317,20,1,0
BRDA:344,21,0,0
BRDA:344,21,1,1808
BRDA:357,22,0,94
BRDA:357,22,1,3
BRDA:357,23,0,97
BRDA:357,23,1,94
BRDA:358,24,0,0
BRDA:358,24,1,94
BRDA:370,25,0,0
BRDA:370,25,1,3
BRDA:374,26,0,0
BRDA:374,26,1,6
BRDA:374,27,0,6
BRDA:374,27,1,0
BRDA:419,28,0,4
BRDA:419,28,1,0
BRDA:421,29,0,2
BRDA:421,29,1,2
BRDA:425,30,0,1
BRDA:425,30,1,1
BRDA:442,31,0,3
BRDA:442,31,1,3
BRDA:467,32,0,8
BRDA:467,32,1,0
BRDA:468,33,0,4
BRDA:468,33,1,4
BRDA:492,34,0,5
BRDA:492,34,1,0
BRDA:493,35,0,3
BRDA:493,35,1,2
BRDA:535,36,0,4
BRDA:535,36,1,29
BRDA:538,37,0,0
BRDA:538,37,1,29
BRDA:582,38,0,9
BRDA:582,38,1,3
BRDA:631,39,0,43
BRDA:631,39,1,8
BRDA:634,40,0,43
BRDA:634,40,1,8
BRDA:638,41,0,43
BRDA:638,41,1,8
BRDA:673,42,0,182
BRDA:673,42,1,0
BRDA:676,43,0,182
BRDA:676,43,1,0
BRDA:680,44,0,182
BRDA:680,44,1,0
BRDA:717,45,0,0
BRDA:717,45,1,123
BRDA:747,46,0,5
BRDA:747,46,1,634
BRDA:750,47,0,174
BRDA:750,47,1,465
BRDA:750,48,0,639
BRDA:750,48,1,624
BRDA:753,49,0,624
BRDA:753,49,1,15
BRDA:753,50,0,639
BRDA:753,50,1,624
BRDA:758,51,0,2
BRDA:758,51,1,13
BRDA:761,52,0,2
BRDA:761,52,1,11
BRDA:761,53,0,13
BRDA:761,53,1,13
BRDA:769,54,0,2
BRDA:769,54,1,9
BRDA:804,55,0,0
BRDA:804,55,1,3
BRDA:812,56,0,2
BRDA:812,56,1,1
BRDA:1028,57,0,34
BRDA:1028,57,1,33
BRDA:1028,57,2,33
BRDA:1028,57,3,33
BRDA:1028,57,4,33
BRDA:1028,57,5,33
BRDA:1028,57,6,33
BRDA:1028,57,7,33
BRDA:1045,58,0,33
BRDA:1045,58,1,132
BRDA:1048,59,0,33
BRDA:1048,59,1,132
BRDA:1051,60,0,165
BRDA:1051,60,1,165
BRDA:1052,61,0,573
BRDA:1052,61,1,573
BRF:131
BRH:105
end_of_record
TN:
SF:/home/vincent/projects/tndarray/numts/utils.js
FN:4,(anonymous_0)
FN:11,dot
FN:12,(anonymous_2)
FN:21,array_equal
FN:26,(anonymous_4)
FN:36,is_numeric
FN:45,is_int
FN:55,is_numeric_array
FN:63,(anonymous_8)
FN:67,zip_iterable
FN:68,(anonymous_10)
FN:70,(anonymous_11)
FN:74,(anonymous_12)
FN:89,zip_longest
FN:90,(anonymous_14)
FN:92,(anonymous_15)
FN:93,(anonymous_16)
FN:97,(anonymous_17)
FN:106,(anonymous_18)
FN:122,is_typed_array
FN:133,_typed_array_sub
FN:135,(anonymous_21)
FN:144,dtype_map
FN:187,_dtype_join
FN:190,(anonymous_24)
FN:191,(anonymous_25)
FNF:26
FNH:24
FNDA:4,(anonymous_0)
FNDA:4981,dot
FNDA:8839,(anonymous_2)
FNDA:0,array_equal
FNDA:0,(anonymous_4)
FNDA:5588,is_numeric
FNDA:592,is_int
FNDA:494,is_numeric_array
FNDA:2052,(anonymous_8)
FNDA:70,zip_iterable
FNDA:140,(anonymous_10)
FNDA:70,(anonymous_11)
FNDA:734,(anonymous_12)
FNDA:17,zip_longest
FNDA:47,(anonymous_14)
FNDA:17,(anonymous_15)
FNDA:47,(anonymous_16)
FNDA:396,(anonymous_17)
FNDA:252,(anonymous_18)
FNDA:29,is_typed_array
FNDA:420,_typed_array_sub
FNDA:563,(anonymous_21)
FNDA:941,dtype_map
FNDA:24,_dtype_join
FNDA:96,(anonymous_24)
FNDA:96,(anonymous_25)
DA:2,4
DA:4,4
DA:12,8839
DA:14,4
DA:22,0
DA:23,0
DA:26,0
DA:29,4
DA:37,5588
DA:39,4
DA:46,592
DA:48,4
DA:56,494
DA:57,15
DA:59,479
DA:60,2
DA:63,2052
DA:66,4
DA:68,140
DA:69,70
DA:70,70
DA:71,70
DA:72,70
DA:73,367
DA:74,367
DA:75,734
DA:76,734
DA:77,140
DA:79,734
DA:81,367
DA:82,297
DA:86,70
DA:88,4
DA:90,47
DA:91,17
DA:93,47
DA:94,17
DA:95,17
DA:96,144
DA:97,144
DA:98,396
DA:99,396
DA:100,74
DA:101,74
DA:102,74
DA:104,396
DA:106,252
DA:107,144
DA:108,127
DA:113,17
DA:115,4
DA:123,29
DA:125,4
DA:135,563
DA:137,4
DA:146,941
DA:148,0
DA:149,0
DA:151,0
DA:152,0
DA:154,483
DA:155,483
DA:157,0
DA:158,0
DA:160,0
DA:161,0
DA:163,0
DA:164,0
DA:166,0
DA:167,0
DA:169,0
DA:170,0
DA:172,12
DA:173,12
DA:175,446
DA:177,941
DA:179,4
DA:189,24
DA:190,96
DA:191,96
DA:192,24
DA:193,22
DA:195,2
DA:196,2
DA:198,0
DA:199,0
DA:202,0
DA:205,4
LF:88
LH:68
BRDA:22,0,0,0
BRDA:22,0,1,0
BRDA:26,1,0,0
BRDA:26,1,1,0
BRDA:37,2,0,5588
BRDA:37,2,1,5516
BRDA:37,2,2,5449
BRDA:56,3,0,15
BRDA:56,3,1,479
BRDA:56,4,0,494
BRDA:56,4,1,17
BRDA:59,5,0,2
BRDA:59,5,1,477
BRDA:63,6,0,2052
BRDA:63,6,1,2050
BRDA:76,7,0,140
BRDA:76,7,1,594
BRDA:81,8,0,297
BRDA:81,8,1,70
BRDA:99,9,0,74
BRDA:99,9,1,322
BRDA:106,10,0,252
BRDA:106,10,1,39
BRDA:107,11,0,127
BRDA:107,11,1,17
BRDA:123,12,0,29
BRDA:123,12,1,0
BRDA:146,13,0,0
BRDA:146,13,1,0
BRDA:146,13,2,483
BRDA:146,13,3,0
BRDA:146,13,4,0
BRDA:146,13,5,0
BRDA:146,13,6,0
BRDA:146,13,7,0
BRDA:146,13,8,12
BRDA:146,13,9,446
BRDA:190,14,0,72
BRDA:190,14,1,24
BRDA:191,15,0,72
BRDA:191,15,1,24
BRDA:192,16,0,22
BRDA:192,16,1,2
BRDA:195,17,0,2
BRDA:195,17,1,0
BRDA:198,18,0,0
BRDA:198,18,1,0
BRDA:206,19,0,4
BRDA:206,19,1,4
BRF:49
BRH:34
end_of_record
